[00:13:55] [main/DEBUG] [FML/]: Injecting tracing printstreams for STDOUT/STDERR.
[00:13:55] [main/INFO] [FML/]: Forge Mod Loader version 7.99.40.1614 for Minecraft 1.7.10 loading
[00:13:55] [main/INFO] [FML/]: Java is OpenJDK 64-Bit Server VM, version 1.8.0_382, running on Linux:amd64:5.15.0-1049-azure, installed at /usr/lib/jvm/java-8-openjdk-amd64/jre
[00:13:55] [main/DEBUG] [FML/]: Java classpath at launch is forge-1.7.10-10.13.4.1614-1.7.10-universal.jar
[00:13:55] [main/DEBUG] [FML/]: Java library path at launch is /usr/java/packages/lib/amd64:/usr/lib/x86_64-linux-gnu/jni:/lib/x86_64-linux-gnu:/usr/lib/x86_64-linux-gnu:/usr/lib/jni:/lib:/usr/lib
[00:13:55] [main/DEBUG] [FML/]: Enabling runtime deobfuscation
[00:13:55] [main/DEBUG] [FML/]: Instantiating coremod class FMLCorePlugin
[00:13:55] [main/DEBUG] [FML/]: Added access transformer class cpw.mods.fml.common.asm.transformers.AccessTransformer to enqueued access transformers
[00:13:55] [main/DEBUG] [FML/]: Enqueued coremod FMLCorePlugin
[00:13:55] [main/DEBUG] [FML/]: Instantiating coremod class FMLForgePlugin
[00:13:55] [main/DEBUG] [FML/]: Added access transformer class net.minecraftforge.transformers.ForgeAccessTransformer to enqueued access transformers
[00:13:55] [main/DEBUG] [FML/]: Enqueued coremod FMLForgePlugin
[00:13:55] [main/DEBUG] [FML/]: All fundamental core mods are successfully located
[00:13:55] [main/DEBUG] [FML/]: Attempting to load commandline specified mods, relative to /root/minecraft/server-minecraft/.
[00:13:55] [main/DEBUG] [FML/]: Discovering coremods
[00:13:55] [main/DEBUG] [FML/]: Examining for coremod candidacy BackTools-4.0.0.jar
[00:13:55] [main/DEBUG] [FML/]: Not found coremod data in BackTools-4.0.0.jar
[00:13:55] [main/DEBUG] [FML/]: Examining for coremod candidacy BetterBuildersWands-0.8.1-1.7.10r92+aec06c3.jar
[00:13:55] [main/DEBUG] [FML/]: Not found coremod data in BetterBuildersWands-0.8.1-1.7.10r92+aec06c3.jar
[00:13:55] [main/DEBUG] [FML/]: Examining for coremod candidacy BetterFps-1.0.1.jar
[00:13:55] [main/INFO] [FML/]: Loading tweaker me.guichaguri.betterfps.tweaker.BetterFpsTweaker from BetterFps-1.0.1.jar
[00:13:55] [main/DEBUG] [FML/]: Examining for coremod candidacy CodeChickenCore-1.7.10-1.0.7.48-universal.jar
[00:13:55] [main/TRACE] [FML/]: Adding CodeChickenCore-1.7.10-1.0.7.48-universal.jar to the list of known coremods, it will not be examined again
[00:13:55] [main/DEBUG] [FML/]: Instantiating coremod class CodeChickenCorePlugin
[00:13:56] [main/WARN] [FML/]: The coremod codechicken.core.launch.CodeChickenCorePlugin does not have a MCVersion annotation, it may cause issues with this version of Minecraft
[00:13:56] [main/DEBUG] [FML/]: Added access transformer class codechicken.core.asm.CodeChickenAccessTransformer to enqueued access transformers
[00:13:56] [main/DEBUG] [FML/]: Enqueued coremod CodeChickenCorePlugin
[00:13:56] [main/DEBUG] [FML/]: Examining for coremod candidacy CodeChickenLib-1.7.10-1.1.3.141-universal.jar
[00:13:56] [main/DEBUG] [FML/]: Not found coremod data in CodeChickenLib-1.7.10-1.1.3.141-universal.jar
[00:13:56] [main/DEBUG] [FML/]: Examining for coremod candidacy CosmeticArmorReworked-1.7.10-v7.jar
[00:13:56] [main/DEBUG] [FML/]: Not found coremod data in CosmeticArmorReworked-1.7.10-v7.jar
[00:13:56] [main/DEBUG] [FML/]: Examining for coremod candidacy FastLeafDecay-1.7.10-1.4.jar
[00:13:56] [main/TRACE] [FML/]: Found FMLCorePluginContainsFMLMod marker in FastLeafDecay-1.7.10-1.4.jar, it will be examined later for regular @Mod instances
[00:13:56] [main/DEBUG] [FML/]: Instantiating coremod class FldLoadingPlugin
[00:13:56] [main/DEBUG] [FML/]: The coremod com.olafski.fastleafdecay.FldLoadingPlugin requested minecraft version 1.7.10 and minecraft is 1.7.10. It will be loaded.
[00:13:56] [main/DEBUG] [FML/]: Enqueued coremod FldLoadingPlugin
[00:13:56] [main/DEBUG] [FML/]: Examining for coremod candidacy fbtoggle-1.7.10-1.0.jar
[00:13:56] [main/DEBUG] [FML/]: Not found coremod data in fbtoggle-1.7.10-1.0.jar
[00:13:56] [main/DEBUG] [FML/]: Examining for coremod candidacy FoamFix-1.7.10-universal-1.0.4.jar
[00:13:56] [main/TRACE] [FML/]: Found FMLCorePluginContainsFMLMod marker in FoamFix-1.7.10-universal-1.0.4.jar, it will be examined later for regular @Mod instances
[00:13:56] [main/DEBUG] [FML/]: Instantiating coremod class FoamFixCore
[00:13:56] [main/TRACE] [FML/]: coremod named FoamFix/1.7 (Do not report to Forge!) is loading
[00:13:56] [main/WARN] [FML/]: The coremod pl.asie.foamfix.coremod.FoamFixCore does not have a MCVersion annotation, it may cause issues with this version of Minecraft
[00:13:56] [main/DEBUG] [FML/]: Enqueued coremod FoamFix/1.7 (Do not report to Forge!)
[00:13:56] [main/DEBUG] [FML/]: Examining for coremod candidacy iChunUtil-4.2.3.jar
[00:13:56] [main/DEBUG] [FML/]: Not found coremod data in iChunUtil-4.2.3.jar
[00:13:56] [main/DEBUG] [FML/]: Examining for coremod candidacy industrialcraft-2-2.2.827-experimental.jar
[00:13:56] [main/TRACE] [FML/]: Found FMLCorePluginContainsFMLMod marker in industrialcraft-2-2.2.827-experimental.jar, it will be examined later for regular @Mod instances
[00:13:56] [main/DEBUG] [FML/]: Instantiating coremod class IC2core
[00:13:56] [main/WARN] [FML/]: The coremod ic2.core.coremod.IC2core does not have a MCVersion annotation, it may cause issues with this version of Minecraft
[00:13:56] [main/DEBUG] [FML/]: Enqueued coremod IC2core
[00:13:56] [main/DEBUG] [FML/]: Examining for coremod candidacy inventorypets-1.7.10-1.5.2-universal.jar
[00:13:56] [main/DEBUG] [FML/]: Not found coremod data in inventorypets-1.7.10-1.5.2-universal.jar
[00:13:56] [main/DEBUG] [FML/]: Examining for coremod candidacy IronBackpacks-1.7.10-1.2.20.jar
[00:13:56] [main/DEBUG] [FML/]: Not found coremod data in IronBackpacks-1.7.10-1.2.20.jar
[00:13:56] [main/DEBUG] [FML/]: Examining for coremod candidacy ironchest-1.7.10-6.0.62.742-universal.jar
[00:13:56] [main/DEBUG] [FML/]: Not found coremod data in ironchest-1.7.10-6.0.62.742-universal.jar
[00:13:56] [main/DEBUG] [FML/]: Examining for coremod candidacy journeymap-1.7.10-5.1.4p6-unlimited.jar
[00:13:56] [main/DEBUG] [FML/]: Not found coremod data in journeymap-1.7.10-5.1.4p6-unlimited.jar
[00:13:56] [main/DEBUG] [FML/]: Examining for coremod candidacy MoreFurnaces-1.3.9-MC1.7.10.jar
[00:13:56] [main/DEBUG] [FML/]: Not found coremod data in MoreFurnaces-1.3.9-MC1.7.10.jar
[00:13:56] [main/DEBUG] [FML/]: Examining for coremod candidacy NotEnoughItems-1.7.10-1.0.5.120-universal.jar
[00:13:56] [main/TRACE] [FML/]: Adding NotEnoughItems-1.7.10-1.0.5.120-universal.jar to the list of known coremods, it will not be examined again
[00:13:56] [main/DEBUG] [FML/]: Instantiating coremod class NEICorePlugin
[00:13:56] [main/WARN] [FML/]: The coremod codechicken.nei.asm.NEICorePlugin does not have a MCVersion annotation, it may cause issues with this version of Minecraft
[00:13:56] [main/DEBUG] [FML/]: Enqueued coremod NEICorePlugin
[00:13:56] [main/DEBUG] [FML/]: Examining for coremod candidacy OptiFine_1.7.10_HD_U_E7.jar
[00:13:56] [main/INFO] [FML/]: Loading tweaker optifine.OptiFineForgeTweaker from OptiFine_1.7.10_HD_U_E7.jar
[00:13:56] [main/DEBUG] [FML/]: Examining for coremod candidacy ProjectE-1.7.10-PE1.10.1.jar
[00:13:56] [main/DEBUG] [FML/]: Not found coremod data in ProjectE-1.7.10-PE1.10.1.jar
[00:13:56] [main/DEBUG] [FML/]: Examining for coremod candidacy StorageDrawers-1.7.10-1.10.9.jar
[00:13:56] [main/DEBUG] [FML/]: Not found coremod data in StorageDrawers-1.7.10-1.10.9.jar
[00:13:56] [main/DEBUG] [FML/]: Examining for coremod candidacy Waila-1.5.10_1.7.10.jar
[00:13:56] [main/DEBUG] [FML/]: Not found coremod data in Waila-1.5.10_1.7.10.jar
[00:13:56] [main/DEBUG] [FML/]: Examining for coremod candidacy WailaHarvestability-mc1.7.10-1.1.6.jar
[00:13:56] [main/DEBUG] [FML/]: Not found coremod data in WailaHarvestability-mc1.7.10-1.1.6.jar
[00:13:56] [main/DEBUG] [FML/]: Examining for coremod candidacy Wawla-1.0.5.120.jar
[00:13:56] [main/DEBUG] [FML/]: Not found coremod data in Wawla-1.0.5.120.jar
[00:13:56] [main/DEBUG] [FML/]: Examining for coremod candidacy Waystones-mc1.7.10-1.0.12.jar
[00:13:56] [main/DEBUG] [FML/]: Not found coremod data in Waystones-mc1.7.10-1.0.12.jar
[00:13:56] [main/INFO] [LaunchWrapper/]: Loading tweak class name cpw.mods.fml.common.launcher.FMLInjectionAndSortingTweaker
[00:13:56] [main/INFO] [LaunchWrapper/]: Loading tweak class name me.guichaguri.betterfps.tweaker.BetterFpsTweaker
[00:13:56] [main/INFO] [LaunchWrapper/]: Loading tweak class name optifine.OptiFineForgeTweaker
[00:13:56] [main/INFO] [LaunchWrapper/]: Loading tweak class name cpw.mods.fml.common.launcher.FMLDeobfTweaker
[00:13:56] [main/INFO] [LaunchWrapper/]: Calling tweak class cpw.mods.fml.common.launcher.FMLInjectionAndSortingTweaker
[00:13:56] [main/INFO] [LaunchWrapper/]: Calling tweak class cpw.mods.fml.common.launcher.FMLInjectionAndSortingTweaker
[00:13:56] [main/INFO] [LaunchWrapper/]: Calling tweak class optifine.OptiFineForgeTweaker
[00:13:56] [main/INFO] [STDOUT/]: [optifine.OptiFineForgeTweaker:dbg:56]: OptiFineForgeTweaker: acceptOptions
[00:13:56] [main/INFO] [STDOUT/]: [optifine.OptiFineForgeTweaker:dbg:56]: OptiFineForgeTweaker: Forge server detected, skipping class transformer
[00:13:56] [main/INFO] [LaunchWrapper/]: Calling tweak class cpw.mods.fml.relauncher.CoreModManager$FMLPluginWrapper
[00:13:56] [main/DEBUG] [FML/]: Injecting coremod FMLCorePlugin {cpw.mods.fml.relauncher.FMLCorePlugin} class transformers
[00:13:56] [main/TRACE] [FML/]: Registering transformer cpw.mods.fml.common.asm.transformers.MarkerTransformer
[00:13:56] [main/TRACE] [FML/]: Registering transformer cpw.mods.fml.common.asm.transformers.SideTransformer
[00:13:56] [main/TRACE] [FML/]: Registering transformer cpw.mods.fml.common.asm.transformers.EventSubscriptionTransformer
[00:13:56] [main/DEBUG] [FML/]: Injection complete
[00:13:56] [main/DEBUG] [FML/]: Running coremod plugin for FMLCorePlugin {cpw.mods.fml.relauncher.FMLCorePlugin}
[00:13:56] [main/DEBUG] [FML/]: Running coremod plugin FMLCorePlugin
[00:13:56] [main/DEBUG] [FML/]: Read 527 binary patches
[00:13:57] [main/ERROR] [FML/]: FML appears to be missing any signature data. This is not a good thing
[00:13:57] [main/DEBUG] [FML/]: Coremod plugin class FMLCorePlugin run successfully
[00:13:57] [main/INFO] [LaunchWrapper/]: Calling tweak class cpw.mods.fml.relauncher.CoreModManager$FMLPluginWrapper
[00:13:57] [main/DEBUG] [FML/]: Injecting coremod FMLForgePlugin {net.minecraftforge.classloading.FMLForgePlugin} class transformers
[00:13:57] [main/TRACE] [FML/]: Registering transformer net.minecraftforge.classloading.FluidIdTransformer
[00:13:57] [main/DEBUG] [FML/]: Injection complete
[00:13:57] [main/DEBUG] [FML/]: Running coremod plugin for FMLForgePlugin {net.minecraftforge.classloading.FMLForgePlugin}
[00:13:57] [main/DEBUG] [FML/]: Running coremod plugin FMLForgePlugin
[00:13:57] [main/DEBUG] [FML/]: Coremod plugin class FMLForgePlugin run successfully
[00:13:57] [main/INFO] [LaunchWrapper/]: Calling tweak class cpw.mods.fml.relauncher.CoreModManager$FMLPluginWrapper
[00:13:57] [main/DEBUG] [FML/]: Injecting coremod CCCDeobfPlugin {codechicken.core.asm.MCPDeobfuscationTransformer$LoadPlugin} class transformers
[00:13:57] [main/DEBUG] [FML/]: Injection complete
[00:13:57] [main/DEBUG] [FML/]: Running coremod plugin for CCCDeobfPlugin {codechicken.core.asm.MCPDeobfuscationTransformer$LoadPlugin}
[00:13:57] [main/DEBUG] [FML/]: Running coremod plugin CCCDeobfPlugin
[00:13:57] [main/DEBUG] [FML/]: Coremod plugin class LoadPlugin run successfully
[00:13:57] [main/INFO] [LaunchWrapper/]: Calling tweak class cpw.mods.fml.relauncher.CoreModManager$FMLPluginWrapper
[00:13:57] [main/DEBUG] [FML/]: Injecting coremod CodeChickenCorePlugin {codechicken.core.launch.CodeChickenCorePlugin} class transformers
[00:13:57] [main/TRACE] [FML/]: Registering transformer codechicken.lib.asm.ClassHeirachyManager
[00:13:57] [main/TRACE] [FML/]: Registering transformer codechicken.core.asm.InterfaceDependancyTransformer
[00:13:57] [main/TRACE] [FML/]: Registering transformer codechicken.core.asm.TweakTransformer
[00:13:57] [main/TRACE] [FML/]: Registering transformer codechicken.core.asm.DelegatedTransformer
[00:13:57] [main/TRACE] [FML/]: Registering transformer codechicken.core.asm.DefaultImplementationTransformer
[00:13:57] [main/DEBUG] [FML/]: Injection complete
[00:13:57] [main/DEBUG] [FML/]: Running coremod plugin for CodeChickenCorePlugin {codechicken.core.launch.CodeChickenCorePlugin}
[00:13:57] [main/DEBUG] [FML/]: Running coremod plugin CodeChickenCorePlugin
[00:13:57] [main/DEBUG] [FML/]: Coremod plugin class CodeChickenCorePlugin run successfully
[00:13:57] [main/INFO] [LaunchWrapper/]: Calling tweak class cpw.mods.fml.relauncher.CoreModManager$FMLPluginWrapper
[00:13:57] [main/DEBUG] [FML/]: Injecting coremod IC2core {ic2.core.coremod.IC2core} class transformers
[00:13:57] [main/DEBUG] [FML/]: Injection complete
[00:13:57] [main/DEBUG] [FML/]: Running coremod plugin for IC2core {ic2.core.coremod.IC2core}
[00:13:57] [main/DEBUG] [FML/]: Running coremod plugin IC2core
[00:13:57] [main/INFO] [IC2-core/]: Loaded library EJML-core-0.26.jar.
[00:13:57] [main/DEBUG] [FML/]: Coremod plugin class IC2core run successfully
[00:13:57] [main/INFO] [LaunchWrapper/]: Calling tweak class cpw.mods.fml.relauncher.CoreModManager$FMLPluginWrapper
[00:13:57] [main/DEBUG] [FML/]: Injecting coremod NEICorePlugin {codechicken.nei.asm.NEICorePlugin} class transformers
[00:13:57] [main/TRACE] [FML/]: Registering transformer codechicken.nei.asm.NEITransformer
[00:13:57] [main/DEBUG] [FML/]: Injection complete
[00:13:57] [main/DEBUG] [FML/]: Running coremod plugin for NEICorePlugin {codechicken.nei.asm.NEICorePlugin}
[00:13:57] [main/DEBUG] [FML/]: Running coremod plugin NEICorePlugin
[00:13:57] [main/DEBUG] [FML/]: Coremod plugin class NEICorePlugin run successfully
[00:13:57] [main/INFO] [LaunchWrapper/]: Calling tweak class me.guichaguri.betterfps.tweaker.BetterFpsTweaker
[00:13:57] [main/INFO] [LaunchWrapper/]: Calling tweak class cpw.mods.fml.common.launcher.FMLDeobfTweaker
[00:13:57] [main/DEBUG] [FML/]: Loaded 57 rules from AccessTransformer config file fml_at.cfg
[00:13:57] [main/DEBUG] [FML/]: Loaded 89 rules from AccessTransformer config file forge_at.cfg
[00:13:57] [main/DEBUG] [FML/]: Loaded 57 rules from AccessTransformer config file fml_at.cfg
[00:13:57] [main/DEBUG] [FML/]: Loaded 11 rules from AccessTransformer mod jar file /root/minecraft/server-minecraft/mods/NotEnoughItems-1.7.10-1.0.5.120-universal.jar!META-INF/nei_at.cfg

[00:13:57] [main/DEBUG] [FML/]: Loaded 3 rules from AccessTransformer mod jar file /root/minecraft/server-minecraft/mods/Waystones-mc1.7.10-1.0.12.jar!META-INF/waystones_at.cfg

[00:13:57] [main/DEBUG] [FML/]: Loaded 60 rules from AccessTransformer mod jar file /root/minecraft/server-minecraft/mods/iChunUtil-4.2.3.jar!META-INF/iChunUtil_at.cfg

[00:13:57] [main/DEBUG] [FML/]: Validating minecraft
[00:13:57] [main/DEBUG] [FML/]: Minecraft validated, launching...
[00:13:57] [main/INFO] [LaunchWrapper/]: Calling tweak class cpw.mods.fml.relauncher.CoreModManager$FMLPluginWrapper
[00:13:57] [main/DEBUG] [FML/]: Injecting coremod FldLoadingPlugin {com.olafski.fastleafdecay.FldLoadingPlugin} class transformers
[00:13:57] [main/TRACE] [FML/]: Registering transformer com.olafski.fastleafdecay.FldTransformer
[00:13:57] [main/DEBUG] [FML/]: Injection complete
[00:13:57] [main/DEBUG] [FML/]: Running coremod plugin for FldLoadingPlugin {com.olafski.fastleafdecay.FldLoadingPlugin}
[00:13:57] [main/DEBUG] [FML/]: Running coremod plugin FldLoadingPlugin
[00:13:57] [main/DEBUG] [FML/]: Coremod plugin class FldLoadingPlugin run successfully
[00:13:57] [main/INFO] [LaunchWrapper/]: Calling tweak class cpw.mods.fml.relauncher.CoreModManager$FMLPluginWrapper
[00:13:57] [main/DEBUG] [FML/]: Injecting coremod FoamFix/1.7 (Do not report to Forge!) {pl.asie.foamfix.coremod.FoamFixCore} class transformers
[00:13:57] [main/TRACE] [FML/]: Registering transformer pl.asie.foamfix.bugfixmod.coremod.BugfixModClassTransformer
[00:13:57] [main/DEBUG] [FML/]: Injection complete
[00:13:57] [main/DEBUG] [FML/]: Running coremod plugin for FoamFix/1.7 (Do not report to Forge!) {pl.asie.foamfix.coremod.FoamFixCore}
[00:13:57] [main/DEBUG] [FML/]: Running coremod plugin FoamFix/1.7 (Do not report to Forge!)
[00:13:57] [main/INFO] [foamfix/]: You probably are on a dedicated server. Disabling client fixes
[00:13:57] [main/DEBUG] [FML/]: Coremod plugin class FoamFixCore run successfully
[00:13:57] [main/INFO] [LaunchWrapper/]: Loading tweak class name cpw.mods.fml.common.launcher.TerminalTweaker
[00:13:57] [main/INFO] [LaunchWrapper/]: Calling tweak class cpw.mods.fml.common.launcher.TerminalTweaker
[00:13:57] [main/INFO] [STDOUT/]: [optifine.OptiFineForgeTweaker:dbg:56]: OptiFineForgeTweaker: getLaunchArguments
[00:13:57] [main/INFO] [foamfix/]: [Log4JExploitFix] Applying Log4j exploit mitigation to net/minecraft/server/MinecraftServer/getLogger!
[00:13:57] [main/INFO] [foamfix/]: [Log4JExploitFix] Applying Log4j exploit mitigation to net/minecraft/world/WorldServer/getLogger!
[00:13:58] [main/INFO] [foamfix/]: [Log4JExploitFix] Applying Log4j exploit mitigation to net/minecraft/network/Packet/getLogger!
[00:13:58] [main/INFO] [foamfix/]: [Log4JExploitFix] Applying Log4j exploit mitigation to net/minecraft/network/NetworkSystem/getLogger!
[00:13:58] [main/INFO] [foamfix/]: [Log4JExploitFix] Applying Log4j exploit mitigation to net/minecraft/crash/CrashReport/getLogger!
[00:13:58] [main/INFO] [foamfix/]: [Log4JExploitFix] Applying Log4j exploit mitigation to net/minecraft/server/management/ServerConfigurationManager/getLogger!
[00:13:58] [main/INFO] [foamfix/]: [SnowballFix] Found target method
[00:13:58] [main/INFO] [foamfix/]: [SnowballFix] Removed instructions
[00:13:58] [main/INFO] [foamfix/]: [SnowballFix] Applied transform!
[00:13:58] [main/INFO] [foamfix/]: [EntityHeldItemNBTRenderFix] Failed to apply transform!
[00:13:58] [main/INFO] [LaunchWrapper/]: Launching wrapped minecraft {net.minecraft.server.MinecraftServer}
[00:13:58] [main/DEBUG] [CCL ASM/]: Writing method [aji.canBeReplacedByLeaves(Lahl;III)Z]
[00:13:58] [main/INFO] [foamfix/]: [Log4JExploitFix] Applying Log4j exploit mitigation to net/minecraft/entity/item/EntityItem/getLogger!
[00:13:58] [main/INFO] [foamfix/]: [Log4JExploitFix] Applying Log4j exploit mitigation to net/minecraft/util/RegistrySimple/getLogger!
[00:13:58] [main/INFO] [foamfix/]: [Log4JExploitFix] Applying Log4j exploit mitigation to net/minecraft/block/BlockGrass/getLogger!
[00:13:58] [main/INFO] [foamfix/]: [GhostBusterFix/net.minecraft.block.BlockGrass] Found target method
[00:13:58] [main/INFO] [foamfix/]: [GhostBusterFix/net.minecraft.block.BlockGrass] Added ghost buster patch (radius = 3) in func_149674_a
[00:13:58] [main/INFO] [foamfix/]: [GhostBusterFix/net.minecraft.block.BlockGrass] Applied transform!
[00:13:58] [main/INFO] [foamfix/]: [GhostBusterFix/net.minecraft.block.BlockDynamicLiquid] Found target method
[00:13:58] [main/INFO] [foamfix/]: [GhostBusterFix/net.minecraft.block.BlockDynamicLiquid] Added ghost buster patch (radius = 4) in func_149674_a
[00:13:58] [main/INFO] [foamfix/]: [GhostBusterFix/net.minecraft.block.BlockDynamicLiquid] Applied transform!
[00:13:58] [main/INFO] [foamfix/]: [GhostBusterWrapStaticLiquid/func_149674_a] Found target method
[00:13:58] [main/INFO] [foamfix/]: [GhostBusterWrapStaticLiquid/func_149674_a] Applying wrapper to func_147439_a!
[00:13:58] [main/INFO] [foamfix/]: [GhostBusterWrapStaticLiquid/func_149674_a] Applying wrapper to func_147437_c!
[00:13:58] [main/INFO] [foamfix/]: [GhostBusterWrapStaticLiquid/func_149674_a] Applied transform!
[00:13:58] [main/INFO] [foamfix/]: [GhostBusterWrapStaticLiquid/func_149817_o] Found target method
[00:13:58] [main/INFO] [foamfix/]: [GhostBusterWrapStaticLiquid/func_149817_o] Applying wrapper to func_147439_a!
[00:13:58] [main/INFO] [foamfix/]: [GhostBusterWrapStaticLiquid/func_149817_o] Applied transform!
[00:13:58] [main/INFO] [FastLeafDecay/]: Patching leaves.
[00:13:58] [main/INFO] [FastLeafDecay/]: Found leaf Class: net/minecraft/block/BlockLeavesBase
[00:13:58] [main/INFO] [foamfix/]: [Log4JExploitFix] Applying Log4j exploit mitigation to net/minecraft/tileentity/TileEntity/getLogger!
[00:13:58] [main/INFO] [foamfix/]: [GhostBusterFix/net.minecraft.block.BlockVine] Found target method
[00:13:58] [main/INFO] [foamfix/]: [GhostBusterFix/net.minecraft.block.BlockVine] Added ghost buster patch (radius = 4) in func_149674_a
[00:13:58] [main/INFO] [foamfix/]: [GhostBusterFix/net.minecraft.block.BlockVine] Applied transform!
[00:13:58] [main/DEBUG] [CCL ASM/]: Injecting before method [dh.toString()Ljava/lang/String;] @ 51 - 55
[00:13:58] [main/INFO] [foamfix/]: [Log4JExploitFix] Applying Log4j exploit mitigation to net/minecraft/nbt/NBTTagCompound/getLogger!
[00:13:58] [main/INFO] [foamfix/]: [Log4JExploitFix] Applying Log4j exploit mitigation to net/minecraft/entity/SharedMonsterAttributes/getLogger!
[00:13:58] [main/DEBUG] [CCL ASM/]: Injecting before method [dq.toString()Ljava/lang/String;] @ 56 - 60
[00:13:58] [main/INFO] [foamfix/]: [Log4JExploitFix] Applying Log4j exploit mitigation to net/minecraft/entity/player/EntityPlayerMP/getLogger!
[00:13:59] [main/INFO] [BetterFps/]: Patching Minecraft using Riven's "Half" Algorithm
[00:13:59] [main/INFO] [foamfix/]: [Log4JExploitFix] Applying Log4j exploit mitigation to net/minecraft/entity/EntityList/getLogger!
[00:13:59] [main/INFO] [foamfix/]: [Log4JExploitFix] Applying Log4j exploit mitigation to net/minecraft/server/dedicated/DedicatedServer/getLogger!
[00:13:59] [main/INFO] [foamfix/]: [Log4JExploitFix] Applying Log4j exploit mitigation to net/minecraft/server/dedicated/DedicatedPlayerList/getLogger!
[00:13:59] [main/INFO] [foamfix/]: [Log4JExploitFix] Applying Log4j exploit mitigation to net/minecraft/profiler/Profiler/getLogger!
[00:13:59] [main/INFO] [foamfix/]: [Log4JExploitFix] Applying Log4j exploit mitigation to net/minecraft/command/CommandHandler/getLogger!
[00:13:59] [main/INFO] [foamfix/]: [Log4JExploitFix] Applying Log4j exploit mitigation to net/minecraft/command/CommandDebug/getLogger!
[00:13:59] [main/INFO] [foamfix/]: [Log4JExploitFix] Applying Log4j exploit mitigation to net/minecraft/world/chunk/storage/AnvilSaveConverter/getLogger!
[00:13:59] [main/INFO] [foamfix/]: [Log4JExploitFix] Applying Log4j exploit mitigation to net/minecraft/world/storage/SaveFormatOld/getLogger!
[00:13:59] [Server thread/INFO] [MinecraftForge/]: Attempting early MinecraftForge initialization
[00:13:59] [Server thread/INFO] [FML/]: MinecraftForge v10.13.4.1614 Initialized
[00:13:59] [Server thread/INFO] [FML/]: Replaced 183 ore recipies
[00:14:00] [Server thread/INFO] [foamfix/]: [Log4JExploitFix] Applying Log4j exploit mitigation to net/minecraftforge/common/UsernameCache/getLogger!
[00:14:00] [Server thread/INFO] [MinecraftForge/]: Completed early MinecraftForge initialization
[00:14:00] [Server thread/DEBUG] [FML/]: File /root/minecraft/server-minecraft/config/injectedDependencies.json not found. No dependencies injected
[00:14:00] [Server thread/INFO] [foamfix/]: [Log4JExploitFix] Applying Log4j exploit mitigation to cpw/mods/fml/common/event/FMLPreInitializationEvent/getLogger!
[00:14:00] [Server thread/DEBUG] [FML/]: Building injected Mod Containers [cpw.mods.fml.common.FMLContainer, net.minecraftforge.common.ForgeModContainer, codechicken.core.asm.CodeChickenCoreModContainer, codechicken.nei.NEIModContainer, pl.asie.foamfix.coremod.FoamFixCoreContainer]
[00:14:00] [Server thread/DEBUG] [FML/]: Attempting to load mods contained in the minecraft jar file and associated classes
[00:14:00] [Server thread/DEBUG] [FML/]: Found a minecraft related file at /root/minecraft/server-minecraft/forge-1.7.10-10.13.4.1614-1.7.10-universal.jar, examining for mod candidates
[00:14:00] [Server thread/INFO] [foamfix/]: [JarDiscovererMemoryLeakFix] Found target method
[00:14:00] [Server thread/INFO] [foamfix/]: [JarDiscovererMemoryLeakFix] Applied transform!
[00:14:00] [Server thread/TRACE] [FML/]: Skipping known library file /root/minecraft/server-minecraft/mods/BetterFps-1.0.1.jar
[00:14:00] [Server thread/TRACE] [FML/]: Skipping known library file /root/minecraft/server-minecraft/mods/CodeChickenCore-1.7.10-1.0.7.48-universal.jar
[00:14:00] [Server thread/DEBUG] [FML/]: Found a minecraft related file at /root/minecraft/server-minecraft/./mods/1.7.10/CodeChickenLib-1.7.10-1.1.3.141-universal.jar, examining for mod candidates
[00:14:00] [Server thread/TRACE] [FML/]: Skipping known library file /root/minecraft/server-minecraft/mods/FastLeafDecay-1.7.10-1.4.jar
[00:14:00] [Server thread/TRACE] [FML/]: Skipping known library file /root/minecraft/server-minecraft/mods/FoamFix-1.7.10-universal-1.0.4.jar
[00:14:00] [Server thread/TRACE] [FML/]: Skipping known library file /root/minecraft/server-minecraft/mods/industrialcraft-2-2.2.827-experimental.jar
[00:14:00] [Server thread/TRACE] [FML/]: Skipping known library file /root/minecraft/server-minecraft/mods/NotEnoughItems-1.7.10-1.0.5.120-universal.jar
[00:14:00] [Server thread/TRACE] [FML/]: Skipping known library file /root/minecraft/server-minecraft/mods/OptiFine_1.7.10_HD_U_E7.jar
[00:14:00] [Server thread/DEBUG] [FML/]: Found a minecraft related file at /root/minecraft/server-minecraft/./mods/ic2/EJML-core-0.26.jar, examining for mod candidates
[00:14:00] [Server thread/DEBUG] [FML/]: Minecraft jar mods loaded successfully
[00:14:00] [Server thread/INFO] [FML/]: Found 0 mods from the command line. Injecting into mod discoverer
[00:14:00] [Server thread/INFO] [FML/]: Searching /root/minecraft/server-minecraft/mods for mods
[00:14:00] [Server thread/DEBUG] [FML/]: Found a candidate mod directory 1.7.10
[00:14:00] [Server thread/DEBUG] [FML/]: Found a candidate zip or jar file BackTools-4.0.0.jar
[00:14:00] [Server thread/DEBUG] [FML/]: Found a candidate zip or jar file BetterBuildersWands-0.8.1-1.7.10r92+aec06c3.jar
[00:14:00] [Server thread/TRACE] [FML/]: Skipping already parsed coremod or tweaker BetterFps-1.0.1.jar
[00:14:00] [Server thread/TRACE] [FML/]: Skipping already parsed coremod or tweaker CodeChickenCore-1.7.10-1.0.7.48-universal.jar
[00:14:00] [Server thread/DEBUG] [FML/]: Found a candidate zip or jar file CosmeticArmorReworked-1.7.10-v7.jar
[00:14:00] [Server thread/DEBUG] [FML/]: Found a candidate zip or jar file DrZharks MoCreatures Mod v6.3.1.zip
[00:14:00] [Server thread/DEBUG] [FML/]: Found a candidate zip or jar file FastLeafDecay-1.7.10-1.4.jar
[00:14:00] [Server thread/DEBUG] [FML/]: Found a candidate zip or jar file fbtoggle-1.7.10-1.0.jar
[00:14:00] [Server thread/DEBUG] [FML/]: Found a candidate zip or jar file FoamFix-1.7.10-universal-1.0.4.jar
[00:14:00] [Server thread/DEBUG] [FML/]: Found a candidate mod directory ic2
[00:14:00] [Server thread/DEBUG] [FML/]: Found a candidate zip or jar file iChunUtil-4.2.3.jar
[00:14:00] [Server thread/DEBUG] [FML/]: Found a candidate zip or jar file industrialcraft-2-2.2.827-experimental.jar
[00:14:00] [Server thread/DEBUG] [FML/]: Found a candidate zip or jar file inventorypets-1.7.10-1.5.2-universal.jar
[00:14:00] [Server thread/DEBUG] [FML/]: Found a candidate zip or jar file IronBackpacks-1.7.10-1.2.20.jar
[00:14:00] [Server thread/DEBUG] [FML/]: Found a candidate zip or jar file ironchest-1.7.10-6.0.62.742-universal.jar
[00:14:00] [Server thread/DEBUG] [FML/]: Found a candidate zip or jar file journeymap-1.7.10-5.1.4p6-unlimited.jar
[00:14:00] [Server thread/DEBUG] [FML/]: Found a candidate zip or jar file MoreFurnaces-1.3.9-MC1.7.10.jar
[00:14:00] [Server thread/TRACE] [FML/]: Skipping already parsed coremod or tweaker NotEnoughItems-1.7.10-1.0.5.120-universal.jar
[00:14:00] [Server thread/DEBUG] [FML/]: Ignoring unknown file OLDTIMES.rar in mods directory
[00:14:00] [Server thread/TRACE] [FML/]: Skipping already parsed coremod or tweaker OptiFine_1.7.10_HD_U_E7.jar
[00:14:00] [Server thread/DEBUG] [FML/]: Found a candidate zip or jar file orespawn-1.7.10-20.3.zip
[00:14:00] [Server thread/DEBUG] [FML/]: Found a candidate zip or jar file ProjectE-1.7.10-PE1.10.1.jar
[00:14:00] [Server thread/DEBUG] [FML/]: Found a candidate zip or jar file StorageDrawers-1.7.10-1.10.9.jar
[00:14:00] [Server thread/DEBUG] [FML/]: Found a candidate zip or jar file Waila-1.5.10_1.7.10.jar
[00:14:00] [Server thread/DEBUG] [FML/]: Found a candidate zip or jar file WailaHarvestability-mc1.7.10-1.1.6.jar
[00:14:00] [Server thread/DEBUG] [FML/]: Found a candidate zip or jar file Wawla-1.0.5.120.jar
[00:14:00] [Server thread/DEBUG] [FML/]: Found a candidate zip or jar file Waystones-mc1.7.10-1.0.12.jar
[00:14:00] [Server thread/INFO] [FML/]: Also searching /root/minecraft/server-minecraft/mods/1.7.10 for mods
[00:14:00] [Server thread/DEBUG] [FML/]: Found a candidate zip or jar file CodeChickenLib-1.7.10-1.1.3.141-universal.jar
[00:14:00] [Server thread/DEBUG] [FML/]: Examining file forge-1.7.10-10.13.4.1614-1.7.10-universal.jar for potential mods
[00:14:00] [Server thread/DEBUG] [FML/]: The mod container forge-1.7.10-10.13.4.1614-1.7.10-universal.jar appears to be missing an mcmod.info file
[00:14:00] [Server thread/DEBUG] [FML/]: Examining file CodeChickenLib-1.7.10-1.1.3.141-universal.jar for potential mods
[00:14:00] [Server thread/DEBUG] [FML/]: The mod container CodeChickenLib-1.7.10-1.1.3.141-universal.jar appears to be missing an mcmod.info file
[00:14:00] [Server thread/DEBUG] [FML/]: Examining file EJML-core-0.26.jar for potential mods
[00:14:00] [Server thread/DEBUG] [FML/]: The mod container EJML-core-0.26.jar appears to be missing an mcmod.info file
[00:14:00] [Server thread/DEBUG] [FML/]: Examining directory 1.7.10 for potential mods
[00:14:00] [Server thread/DEBUG] [FML/]: No mcmod.info file found in directory 1.7.10
[00:14:00] [Server thread/DEBUG] [FML/]: Examining file BackTools-4.0.0.jar for potential mods
[00:14:00] [Server thread/TRACE] [FML/]: Located mcmod.info file in file BackTools-4.0.0.jar
[00:14:00] [Server thread/DEBUG] [FML/]: Identified a mod of type Lcpw/mods/fml/common/Mod; (backtools.common.BackTools) - loading
[00:14:00] [Server thread/TRACE] [BackTools/]: Parsed dependency info : [iChunUtil@[4.0.0,)] [iChunUtil@[4.0.0,)] []
[00:14:00] [Server thread/DEBUG] [FML/]: Examining file BetterBuildersWands-0.8.1-1.7.10r92+aec06c3.jar for potential mods
[00:14:00] [Server thread/TRACE] [FML/]: Located mcmod.info file in file BetterBuildersWands-0.8.1-1.7.10r92+aec06c3.jar
[00:14:00] [Server thread/DEBUG] [FML/]: Identified a mod of type Lcpw/mods/fml/common/Mod; (portablejim.bbw.BetterBuildersWandsMod) - loading
[00:14:00] [Server thread/TRACE] [betterbuilderswands/]: Parsed dependency info : [] [] []
[00:14:00] [Server thread/DEBUG] [betterbuilderswands/]: Attempting to load the file version.properties from BetterBuildersWands-0.8.1-1.7.10r92+aec06c3.jar to locate a version number for betterbuilderswands
[00:14:00] [Server thread/DEBUG] [betterbuilderswands/]: Found version null for mod betterbuilderswands in version.properties, using
[00:14:00] [Server thread/WARN] [betterbuilderswands/]: Mod betterbuilderswands is missing the required element 'version' and a version.properties file could not be found. Falling back to metadata version 0.8.1
[00:14:00] [Server thread/DEBUG] [FML/]: Examining file CosmeticArmorReworked-1.7.10-v7.jar for potential mods
[00:14:00] [Server thread/TRACE] [FML/]: Located mcmod.info file in file CosmeticArmorReworked-1.7.10-v7.jar
[00:14:00] [Server thread/DEBUG] [FML/]: Identified a mod of type Lcpw/mods/fml/common/Mod; (lain.mods.cos.CosmeticArmorReworked) - loading
[00:14:00] [Server thread/TRACE] [cosmeticarmorreworked/]: Using mcmod dependency info : [Forge] [] []
[00:14:00] [Server thread/DEBUG] [cosmeticarmorreworked/]: Attempting to load the file version.properties from CosmeticArmorReworked-1.7.10-v7.jar to locate a version number for cosmeticarmorreworked
[00:14:00] [Server thread/WARN] [cosmeticarmorreworked/]: Mod cosmeticarmorreworked is missing the required element 'version' and a version.properties file could not be found. Falling back to metadata version 1.7.10-v7
[00:14:00] [Server thread/DEBUG] [FML/]: Examining file DrZharks MoCreatures Mod v6.3.1.zip for potential mods
[00:14:00] [Server thread/TRACE] [FML/]: Located mcmod.info file in file DrZharks MoCreatures Mod v6.3.1.zip
[00:14:00] [Server thread/DEBUG] [FML/]: Identified a mod of type Lcpw/mods/fml/common/Mod; (drzhark.mocreatures.MoCreatures) - loading
[00:14:00] [Server thread/TRACE] [MoCreatures/]: Parsed dependency info : [] [] []
[00:14:00] [Server thread/DEBUG] [FML/]: Examining file FastLeafDecay-1.7.10-1.4.jar for potential mods
[00:14:00] [Server thread/TRACE] [FML/]: Located mcmod.info file in file FastLeafDecay-1.7.10-1.4.jar
[00:14:00] [Server thread/DEBUG] [FML/]: Identified a mod of type Lcpw/mods/fml/common/Mod; (com.olafski.fastleafdecay.FastLeafDecay) - loading
[00:14:00] [Server thread/TRACE] [fastleafdecay/]: Parsed dependency info : [] [] []
[00:14:00] [Server thread/DEBUG] [FML/]: Examining file fbtoggle-1.7.10-1.0.jar for potential mods
[00:14:00] [Server thread/TRACE] [FML/]: Located mcmod.info file in file fbtoggle-1.7.10-1.0.jar
[00:14:00] [Server thread/DEBUG] [FML/]: Identified a mod of type Lcpw/mods/fml/common/Mod; (com.hjongh.fbtoggle.Main) - loading
[00:14:00] [Server thread/TRACE] [fbtoggle/]: Parsed dependency info : [] [] []
[00:14:00] [Server thread/DEBUG] [FML/]: Examining file FoamFix-1.7.10-universal-1.0.4.jar for potential mods
[00:14:00] [Server thread/TRACE] [FML/]: Located mcmod.info file in file FoamFix-1.7.10-universal-1.0.4.jar
[00:14:00] [Server thread/DEBUG] [FML/]: Identified a mod of type Lcpw/mods/fml/common/Mod; (pl.asie.foamfix.FoamFixMod) - loading
[00:14:00] [Server thread/TRACE] [foamfix/]: Using mcmod dependency info : [] [] []
[00:14:00] [Server thread/DEBUG] [FML/]: Examining directory ic2 for potential mods
[00:14:00] [Server thread/DEBUG] [FML/]: No mcmod.info file found in directory ic2
[00:14:00] [Server thread/DEBUG] [FML/]: Examining file iChunUtil-4.2.3.jar for potential mods
[00:14:00] [Server thread/TRACE] [FML/]: Located mcmod.info file in file iChunUtil-4.2.3.jar
[00:14:00] [Server thread/DEBUG] [FML/]: Identified a mod of type Lcpw/mods/fml/common/Mod; (ichun.common.iChunUtil) - loading
[00:14:00] [Server thread/TRACE] [iChunUtil/]: Parsed dependency info : [Forge@[10.13.2.1291,)] [Forge@[10.13.2.1291,)] []
[00:14:00] [Server thread/DEBUG] [FML/]: Examining file industrialcraft-2-2.2.827-experimental.jar for potential mods
[00:14:00] [Server thread/TRACE] [FML/]: Located mcmod.info file in file industrialcraft-2-2.2.827-experimental.jar
[00:14:00] [Server thread/DEBUG] [FML/]: Identified a mod of type Lcpw/mods/fml/common/Mod; (ic2.core.IC2) - loading
[00:14:00] [Server thread/TRACE] [IC2/]: Parsed dependency info : [Forge@[10.13.0.1200,)] [Forge@[10.13.0.1200,)] []
