[06:53:23] [Server thread/INFO]: Starting minecraft server version 1.7.10
[06:53:31] [Server thread/INFO]: Loading properties
[06:53:31] [Server thread/INFO]: Default game type: SURVIVAL
[06:53:31] [Server thread/INFO]: Generating keypair
[06:53:31] [Server thread/INFO]: Starting Minecraft server on *:25565
[06:53:31] [Server thread/WARN]: **** SERVER IS RUNNING IN OFFLINE/INSECURE MODE!
[06:53:31] [Server thread/WARN]: The server will make no attempt to authenticate usernames. Beware.
[06:53:31] [Server thread/WARN]: While this makes the game possible to play without internet access, it also opens up the ability for hackers to connect with any username they choose.
[06:53:31] [Server thread/WARN]: To change this, set "online-mode" to "true" in the server.properties file.
[06:53:32] [Server thread/INFO]: Preparing level "world"
[06:53:33] [Server thread/INFO]: Preparing start region for level 0
[06:53:34] [Server thread/INFO]: Preparing spawn area: 72%
[06:53:34] [Server thread/INFO]: Done (1.591s)! For help, type "help" or "?"
[06:53:43] [Server thread/INFO]: Berlim1996[/191.10.102.203:38590] logged in with entity id 812 at (108.99586882560104, 61.0, 224.025202675184)
[06:53:43] [Server thread/INFO]: Berlim1996 joined the game
[06:53:59] [Server console handler/ERROR]: Exception handling console input
java.io.IOException: Input/output error
	at java.io.FileInputStream.readBytes(Native Method) ~[?:1.8.0_382]
	at java.io.FileInputStream.read(FileInputStream.java:255) ~[?:1.8.0_382]
	at java.io.BufferedInputStream.read1(BufferedInputStream.java:284) ~[?:1.8.0_382]
	at java.io.BufferedInputStream.read(BufferedInputStream.java:345) ~[?:1.8.0_382]
	at sun.nio.cs.StreamDecoder.readBytes(StreamDecoder.java:284) ~[?:1.8.0_382]
	at sun.nio.cs.StreamDecoder.implRead(StreamDecoder.java:326) ~[?:1.8.0_382]
	at sun.nio.cs.StreamDecoder.read(StreamDecoder.java:178) ~[?:1.8.0_382]
	at java.io.InputStreamReader.read(InputStreamReader.java:184) ~[?:1.8.0_382]
	at java.io.BufferedReader.fill(BufferedReader.java:161) ~[?:1.8.0_382]
	at java.io.BufferedReader.readLine(BufferedReader.java:324) ~[?:1.8.0_382]
	at java.io.BufferedReader.readLine(BufferedReader.java:389) ~[?:1.8.0_382]
	at net.minecraft.server.dedicated.DedicatedServer$2.run(DedicatedServer.java:97) [lv.class:?]
