[23Oct2023 22:38:36.576] [main/INFO] [cpw.mods.modlauncher.Launcher/MODLAUNCHER]: ModLauncher running: args [--launchTarget, forgeserver, --fml.forgeVersion, 47.2.1, --fml.mcVersion, 1.20.1, --fml.forgeGroup, net.minecraftforge, --fml.mcpVersion, 20230612.114412]
[23Oct2023 22:38:36.582] [main/INFO] [cpw.mods.modlauncher.Launcher/MODLAUNCHER]: ModLauncher 10.0.9+10.0.9+main.dcd20f30 starting: java version 17.0.8.1 by Private Build; OS Linux arch amd64 version 5.15.0-1049-azure
[23Oct2023 22:38:37.834] [main/INFO] [net.minecraftforge.fml.loading.ImmediateWindowHandler/]: ImmediateWindowProvider not loading because launch target is forgeserver
[23Oct2023 22:38:37.915] [main/INFO] [mixin/]: SpongePowered MIXIN Subsystem Version=0.8.5 Source=union:/root/minecraft/server-2/libraries/org/spongepowered/mixin/0.8.5/mixin-0.8.5.jar%2365!/ Service=ModLauncher Env=SERVER
[23Oct2023 22:38:38.677] [main/WARN] [net.minecraftforge.fml.loading.moddiscovery.ModFileParser/LOADING]: Mod file /root/minecraft/server-2/libraries/net/minecraftforge/fmlcore/1.20.1-47.2.1/fmlcore-1.20.1-47.2.1.jar is missing mods.toml file
[23Oct2023 22:38:38.681] [main/WARN] [net.minecraftforge.fml.loading.moddiscovery.ModFileParser/LOADING]: Mod file /root/minecraft/server-2/libraries/net/minecraftforge/javafmllanguage/1.20.1-47.2.1/javafmllanguage-1.20.1-47.2.1.jar is missing mods.toml file
[23Oct2023 22:38:38.682] [main/WARN] [net.minecraftforge.fml.loading.moddiscovery.ModFileParser/LOADING]: Mod file /root/minecraft/server-2/libraries/net/minecraftforge/lowcodelanguage/1.20.1-47.2.1/lowcodelanguage-1.20.1-47.2.1.jar is missing mods.toml file
[23Oct2023 22:38:38.684] [main/WARN] [net.minecraftforge.fml.loading.moddiscovery.ModFileParser/LOADING]: Mod file /root/minecraft/server-2/libraries/net/minecraftforge/mclanguage/1.20.1-47.2.1/mclanguage-1.20.1-47.2.1.jar is missing mods.toml file
[23Oct2023 22:38:39.958] [main/INFO] [net.minecraftforge.fml.loading.moddiscovery.JarInJarDependencyLocator/]: Found 33 dependencies adding them to mods collection
[23Oct2023 22:38:40.570] [main/INFO] [org.groovymc.gml.mappings.MappingsProvider/]: Starting runtime mappings setup...
[23Oct2023 22:38:40.628] [main/INFO] [org.groovymc.gml.internal.locator.ModLocatorInjector/]: Injecting ScriptModLocator candidates...
[23Oct2023 22:38:40.664] [main/INFO] [org.groovymc.gml.scriptmods.ScriptModLocator/]: Injected Jimfs file system
[23Oct2023 22:38:40.682] [main/INFO] [org.groovymc.gml.scriptmods.ScriptModLocator/]: Skipped loading script mods from directory /root/minecraft/server-2/mods/scripts as it did not exist.
[23Oct2023 22:38:40.698] [main/INFO] [org.groovymc.gml.internal.locator.ModLocatorInjector/]: Injected ScriptModLocator mod candidates. Found 0 valid mod candidates and 0 broken mod files.
[23Oct2023 22:38:42.494] [GML Mappings Thread/INFO] [org.groovymc.gml.mappings.MappingsProvider/]: Found version metadata from piston-meta.
[23Oct2023 22:38:42.521] [GML Mappings Thread/INFO] [org.groovymc.gml.mappings.MappingsProvider/]: version.json is up to date.
[23Oct2023 22:38:42.981] [GML Mappings Thread/INFO] [org.groovymc.gml.mappings.MappingsProvider/]: Official mappings are up to date.
[23Oct2023 22:38:45.047] [GML Mappings Thread/INFO] [org.groovymc.gml.mappings.MappingsProvider/]: MCPConfig is up to date.
[23Oct2023 22:38:46.957] [main/INFO] [mixin/]: Compatibility level set to JAVA_17
[23Oct2023 22:38:47.161] [main/ERROR] [mixin/]: Mixin config entity_model_features-common.mixins.json does not specify "minVersion" property
[23Oct2023 22:38:47.171] [main/ERROR] [mixin/]: Mixin config entity_model_features.mixins.json does not specify "minVersion" property
[23Oct2023 22:38:47.642] [main/INFO] [mixin/]: Successfully loaded Mixin Connector [com.sonicether.soundphysics.MixinConnector]
[23Oct2023 22:38:47.653] [main/INFO] [mixin/]: Successfully loaded Mixin Connector [lumien.chunkanimator.MixinConnector]
[23Oct2023 22:38:47.654] [main/INFO] [mixin/]: Successfully loaded Mixin Connector [de.maxhenkel.car.MixinConnector]
[23Oct2023 22:38:47.661] [main/INFO] [cpw.mods.modlauncher.LaunchServiceHandler/MODLAUNCHER]: Launching target 'forgeserver' with arguments []
[23Oct2023 22:38:47.739] [main/WARN] [mixin/]: Reference map 'nerb-forge-refmap.json' for nerb.mixins.json could not be read. If this is a development environment you can ignore this message
[23Oct2023 22:38:47.943] [main/INFO] [ModernFix/]: Loaded configuration file for ModernFix 5.7.2+mc1.20.1: 63 options available, 1 override(s) found
[23Oct2023 22:38:47.944] [main/WARN] [ModernFix/]: Option 'mixin.perf.thread_priorities' overriden (by mods [smoothboot]) to 'false'
[23Oct2023 22:38:47.947] [main/INFO] [ModernFix/]: Applying Nashorn fix
[23Oct2023 22:38:48.138] [main/INFO] [ModernFix/]: Applied Forge config corruption patch
[23Oct2023 22:38:48.189] [main/INFO] [fpsreducer/]: OptiFine was NOT detected.
[23Oct2023 22:38:48.193] [main/INFO] [fpsreducer/]: OptiFabric was NOT detected.
[23Oct2023 22:38:48.222] [main/WARN] [mixin/]: Reference map 'entity_model_features_forge_1.20-forge-refmap.json' for entity_model_features.mixins.json could not be read. If this is a development environment you can ignore this message
[23Oct2023 22:38:48.332] [main/WARN] [mixin/]: Reference map 'simplyswords-common-refmap.json' for simplyswords-common.mixins.json could not be read. If this is a development environment you can ignore this message
[23Oct2023 22:38:48.345] [main/WARN] [mixin/]: Reference map 'simplyswords-forge-refmap.json' for simplyswords.mixins.json could not be read. If this is a development environment you can ignore this message
[23Oct2023 22:38:48.389] [main/WARN] [mixin/]: Reference map '${refmap_target}refmap.json' for corgilib.forge.mixins.json could not be read. If this is a development environment you can ignore this message
[23Oct2023 22:38:48.395] [main/WARN] [mixin/]: Reference map 'fastpaintings-forge-refmap.json' for fastpaintings-forge.mixins.json could not be read. If this is a development environment you can ignore this message
[23Oct2023 22:38:48.560] [main/INFO] [Canary/]: Loaded configuration file for Canary: 123 options available, 0 override(s) found
[23Oct2023 22:38:50.613] [GML Mappings Thread/INFO] [org.groovymc.gml.mappings.MappingsProvider/]: Loaded runtime mappings in 9912ms
[23Oct2023 22:38:50.613] [GML Mappings Thread/INFO] [org.groovymc.gml.mappings.MappingsProvider/]: Finished runtime mappings setup.
[23Oct2023 22:38:52.195] [main/ERROR] [net.minecraftforge.fml.loading.RuntimeDistCleaner/DISTXFORM]: Attempted to load class net/minecraft/client/Minecraft for invalid dist DEDICATED_SERVER
[23Oct2023 22:38:52.199] [main/WARN] [mixin/]: Error loading class: net/minecraft/client/Minecraft (java.lang.RuntimeException: Attempted to load class net/minecraft/client/Minecraft for invalid dist DEDICATED_SERVER)
[23Oct2023 22:38:52.199] [main/WARN] [mixin/]: @Mixin target net.minecraft.client.Minecraft was not found modernfix-common.mixins.json:bugfix.world_leaks.MinecraftMixin
[23Oct2023 22:38:52.301] [main/ERROR] [net.minecraftforge.fml.loading.RuntimeDistCleaner/DISTXFORM]: Attempted to load class net/minecraft/client/gui/screens/worldselection/WorldSelectionList$WorldListEntry for invalid dist DEDICATED_SERVER
[23Oct2023 22:38:52.302] [main/WARN] [mixin/]: Error loading class: net/minecraft/client/gui/screens/worldselection/WorldSelectionList$WorldListEntry (java.lang.RuntimeException: Attempted to load class net/minecraft/client/gui/screens/worldselection/WorldSelectionList$WorldListEntry for invalid dist DEDICATED_SERVER)
[23Oct2023 22:38:52.302] [main/WARN] [mixin/]: @Mixin target net.minecraft.client.gui.screens.worldselection.WorldSelectionList$WorldListEntry was not found modernfix-common.mixins.json:bugfix.world_screen_skipped.WorldSelectionListMixin
[23Oct2023 22:38:53.262] [main/ERROR] [net.minecraftforge.fml.loading.RuntimeDistCleaner/DISTXFORM]: Attempted to load class net/minecraft/client/gui/screens/worldselection/CreateWorldScreen for invalid dist DEDICATED_SERVER
[23Oct2023 22:38:53.263] [main/WARN] [mixin/]: Error loading class: net/minecraft/client/gui/screens/worldselection/CreateWorldScreen (java.lang.RuntimeException: Attempted to load class net/minecraft/client/gui/screens/worldselection/CreateWorldScreen for invalid dist DEDICATED_SERVER)
[23Oct2023 22:38:53.263] [main/WARN] [mixin/]: @Mixin target net.minecraft.client.gui.screens.worldselection.CreateWorldScreen was not found modernfix-forge.mixins.json:bugfix.extra_experimental_screen.CreateWorldScreenMixin
[23Oct2023 22:38:53.614] [main/ERROR] [net.minecraftforge.fml.loading.RuntimeDistCleaner/DISTXFORM]: Attempted to load class net/minecraft/client/renderer/entity/EntityRenderDispatcher for invalid dist DEDICATED_SERVER
[23Oct2023 22:38:53.615] [main/WARN] [mixin/]: Error loading class: net/minecraft/client/renderer/entity/EntityRenderDispatcher (java.lang.RuntimeException: Attempted to load class net/minecraft/client/renderer/entity/EntityRenderDispatcher for invalid dist DEDICATED_SERVER)
[23Oct2023 22:38:53.615] [main/WARN] [mixin/]: @Mixin target net.minecraft.client.renderer.entity.EntityRenderDispatcher was not found entity_model_features-common.mixins.json:accessor.EntityRenderDispatcherAccessor
[23Oct2023 22:38:55.407] [main/ERROR] [net.minecraftforge.fml.loading.RuntimeDistCleaner/DISTXFORM]: Attempted to load class net/minecraft/client/renderer/LevelRenderer for invalid dist DEDICATED_SERVER
[23Oct2023 22:38:55.408] [main/WARN] [mixin/]: Error loading class: net/minecraft/client/renderer/LevelRenderer (java.lang.RuntimeException: Attempted to load class net/minecraft/client/renderer/LevelRenderer for invalid dist DEDICATED_SERVER)
[23Oct2023 22:38:55.408] [main/WARN] [mixin/]: @Mixin target net.minecraft.client.renderer.LevelRenderer was not found chunkanimator.mixins.json:LevelRendererMixin
[23Oct2023 22:38:55.409] [main/ERROR] [net.minecraftforge.fml.loading.RuntimeDistCleaner/DISTXFORM]: Attempted to load class net/minecraft/client/renderer/chunk/ChunkRenderDispatcher$RenderChunk for invalid dist DEDICATED_SERVER
[23Oct2023 22:38:55.409] [main/WARN] [mixin/]: Error loading class: net/minecraft/client/renderer/chunk/ChunkRenderDispatcher$RenderChunk (java.lang.RuntimeException: Attempted to load class net/minecraft/client/renderer/chunk/ChunkRenderDispatcher$RenderChunk for invalid dist DEDICATED_SERVER)
[23Oct2023 22:38:55.409] [main/WARN] [mixin/]: @Mixin target net.minecraft.client.renderer.chunk.ChunkRenderDispatcher$RenderChunk was not found chunkanimator.mixins.json:RenderChunkMixin
[23Oct2023 22:38:55.411] [main/ERROR] [net.minecraftforge.fml.loading.RuntimeDistCleaner/DISTXFORM]: Attempted to load class net/minecraft/client/gui/Gui for invalid dist DEDICATED_SERVER
[23Oct2023 22:38:55.412] [main/WARN] [mixin/]: Error loading class: net/minecraft/client/gui/Gui (java.lang.RuntimeException: Attempted to load class net/minecraft/client/gui/Gui for invalid dist DEDICATED_SERVER)
[23Oct2023 22:38:55.413] [main/WARN] [mixin/]: @Mixin target net.minecraft.client.gui.Gui was not found assets/car/car.mixins.json:GuiMixin
[23Oct2023 22:38:55.415] [main/WARN] [mixin/]: Error loading class: net/minecraft/client/gui/screens/SoundOptionsScreen (java.lang.ClassNotFoundException: net.minecraft.client.gui.screens.SoundOptionsScreen)
[23Oct2023 22:38:55.415] [main/WARN] [mixin/]: @Mixin target net.minecraft.client.gui.screens.SoundOptionsScreen was not found assets/car/car.mixins.json:SoundOptionsScreenMixin
[23Oct2023 22:38:57.914] [main/INFO] [net.minecraft.server.Bootstrap/]: ModernFix reached bootstrap stage (24.83 s after launch)
[23Oct2023 22:38:58.366] [main/INFO] [ModernFix/]: Injecting BlockStateBase cache population hook into getNeighborPathNodeType from com.abdelaziz.canary.mixin.ai.pathing.BlockStateBaseMixin
[23Oct2023 22:38:58.367] [main/INFO] [ModernFix/]: Injecting BlockStateBase cache population hook into getPathNodeType from com.abdelaziz.canary.mixin.ai.pathing.BlockStateBaseMixin
[23Oct2023 22:38:58.367] [main/INFO] [ModernFix/]: Injecting BlockStateBase cache population hook into getAllFlags from com.abdelaziz.canary.mixin.util.block_tracking.BlockStateBaseMixin
[23Oct2023 22:39:00.897] [main/INFO] [net.minecraft.server.Bootstrap/]: Vanilla bootstrap took 2979 milliseconds
