[07:17:00] [ServerMain/INFO]: Environment: Environment[accountsHost=https://api.mojang.com, sessionHost=https://sessionserver.mojang.com, servicesHost=https://api.minecraftservices.com, name=PROD]
[07:17:03] [ServerMain/INFO]: Loaded 7 recipes
[07:17:04] [ServerMain/INFO]: Loaded 1271 advancements
[07:17:05] [Server thread/INFO]: Starting minecraft server version 1.20.2
[07:17:05] [Server thread/INFO]: Loading properties
[07:17:05] [Server thread/INFO]: Default game type: SURVIVAL
[07:17:05] [Server thread/INFO]: Generating keypair
[07:17:05] [Server thread/INFO]: Starting Minecraft server on *:25565
[07:17:05] [Server thread/INFO]: Using epoll channel type
[07:17:05] [Server thread/WARN]: **** SERVER IS RUNNING IN OFFLINE/INSECURE MODE!
[07:17:05] [Server thread/WARN]: The server will make no attempt to authenticate usernames. Beware.
[07:17:05] [Server thread/WARN]: While this makes the game possible to play without internet access, it also opens up the ability for hackers to connect with any username they choose.
[07:17:05] [Server thread/WARN]: To change this, set "online-mode" to "true" in the server.properties file.
[07:17:05] [Server thread/INFO]: Preparing level "world"
[07:17:15] [Server thread/INFO]: Preparing start region for dimension minecraft:overworld
[07:17:23] [Worker-Main-1/INFO]: Preparing spawn area: 0%
[07:17:23] [Worker-Main-1/INFO]: Preparing spawn area: 0%
[07:17:23] [Worker-Main-1/INFO]: Preparing spawn area: 0%
[07:17:23] [Worker-Main-1/INFO]: Preparing spawn area: 0%
[07:17:23] [Worker-Main-1/INFO]: Preparing spawn area: 0%
[07:17:23] [Worker-Main-1/INFO]: Preparing spawn area: 0%
[07:17:23] [Worker-Main-1/INFO]: Preparing spawn area: 0%
[07:17:23] [Worker-Main-1/INFO]: Preparing spawn area: 0%
[07:17:23] [Worker-Main-1/INFO]: Preparing spawn area: 0%
[07:17:23] [Worker-Main-1/INFO]: Preparing spawn area: 0%
[07:17:23] [Worker-Main-1/INFO]: Preparing spawn area: 0%
[07:17:23] [Worker-Main-1/INFO]: Preparing spawn area: 0%
[07:17:23] [Worker-Main-1/INFO]: Preparing spawn area: 0%
[07:17:23] [Worker-Main-1/INFO]: Preparing spawn area: 0%
[07:17:23] [Worker-Main-1/INFO]: Preparing spawn area: 0%
[07:17:23] [Worker-Main-1/INFO]: Preparing spawn area: 0%
[07:17:23] [Worker-Main-1/INFO]: Preparing spawn area: 0%
[07:17:24] [Worker-Main-1/INFO]: Preparing spawn area: 0%
[07:17:25] [Worker-Main-1/INFO]: Preparing spawn area: 0%
[07:17:25] [Server thread/INFO]: Time elapsed: 9612 ms
[07:17:25] [Server thread/INFO]: Done (19.671s)! For help, type "help"
[07:17:47] [Server thread/INFO]: Berlim1996[/54.207.22.133:62057] logged in with entity id 206 at (-8.13303550693987, 83.0, 47.99709670540604)
[07:17:47] [Server thread/INFO]: Berlim1996 joined the game
