#
# There is insufficient memory for the Java Runtime Environment to continue.
# Native memory allocation (mmap) failed to map 4294967296 bytes for committing reserved memory.
# Possible reasons:
#   The system is out of physical RAM or swap space
#   The process is running with CompressedOops enabled, and the Java Heap may be blocking the growth of the native heap
# Possible solutions:
#   Reduce memory load on the system
#   Increase physical memory or swap space
#   Check if swap backing store is full
#   Decrease Java heap size (-Xmx/-Xms)
#   Decrease number of Java threads
#   Decrease Java thread stack sizes (-Xss)
#   Set larger code cache with -XX:ReservedCodeCacheSize=
#   JVM is running with Zero Based Compressed Oops mode in which the Java heap is
#     placed in the first 32GB address space. The Java Heap base address is the
#     maximum limit for the native heap growth. Please use -XX:HeapBaseMinAddress
#     to set the Java Heap base and to place the Java Heap above 32GB virtual address.
# This output file may be truncated or incomplete.
#
#  Out of Memory Error (os_linux.cpp:2783), pid=287058, tid=287059
#
# JRE version:  (17.0.8.1+1) (build )
# Java VM: OpenJDK 64-Bit Server VM (17.0.8.1+1-Ubuntu-0ubuntu120.04, mixed mode, sharing, tiered, compressed oops, compressed class ptrs, g1 gc, linux-amd64)
# Core dump will be written. Default location: Core dumps may be processed with "/usr/share/apport/apport -p%p -s%s -c%c -d%d -P%P -u%u -g%g -- %E" (or dumping to /root/minecraft/server-1/core.287058)
#

---------------  S U M M A R Y ------------

Command Line: -Xmx4096M -Xms4096M forge-1.7.10-10.13.4.1614-1.7.10-universal.jar nogui

Host: Intel(R) Xeon(R) CPU E5-2673 v4 @ 2.30GHz, 2 cores, 3G, Ubuntu 20.04.6 LTS
Time: Tue Oct 24 18:51:31 2023 -03 elapsed time: 0.009510 seconds (0d 0h 0m 0s)

---------------  T H R E A D  ---------------

Current thread (0x00007fbe34013cd0):  JavaThread "Unknown thread" [_thread_in_vm, id=287059, stack(0x00007fbe39a20000,0x00007fbe39b21000)]

Stack: [0x00007fbe39a20000,0x00007fbe39b21000],  sp=0x00007fbe39b1f470,  free space=1021k
Native frames: (J=compiled Java code, j=interpreted, Vv=VM code, C=native code)
V  [libjvm.so+0xf64e85]  VMError::report_and_die(int, char const*, char const*, __va_list_tag*, Thread*, unsigned char*, void*, void*, char const*, int, unsigned long)+0x175
V  [libjvm.so+0xf65b31]  VMError::report_and_die(Thread*, char const*, int, unsigned long, VMErrorType, char const*, __va_list_tag*)+0x31
V  [libjvm.so+0x61cf90]  report_vm_out_of_memory(char const*, int, unsigned long, VMErrorType, char const*, ...)+0xe0
V  [libjvm.so+0xc35a00]  os::pd_commit_memory_or_exit(char*, unsigned long, unsigned long, bool, char const*)+0xe0
V  [libjvm.so+0xc2f081]  os::commit_memory_or_exit(char*, unsigned long, unsigned long, bool, char const*)+0x21
V  [libjvm.so+0x74e9ce]  G1PageBasedVirtualSpace::commit(unsigned long, unsigned long)+0x18e
V  [libjvm.so+0x763021]  G1RegionsLargerThanCommitSizeMapper::commit_regions(unsigned int, unsigned long, WorkGang*)+0x1a1
V  [libjvm.so+0x7f579c]  HeapRegionManager::commit_regions(unsigned int, unsigned long, WorkGang*)+0x5c
V  [libjvm.so+0x7f67e9]  HeapRegionManager::expand(unsigned int, unsigned int, WorkGang*)+0x39
V  [libjvm.so+0x7f6a02]  HeapRegionManager::expand_by(unsigned int, WorkGang*)+0x72
V  [libjvm.so+0x7066e6]  G1CollectedHeap::expand(unsigned long, WorkGang*, double*)+0xf6
V  [libjvm.so+0x706e97]  G1CollectedHeap::initialize()+0x727
V  [libjvm.so+0xf126c6]  universe_init()+0xd6
V  [libjvm.so+0x81627b]  init_globals()+0x3b
V  [libjvm.so+0xee8996]  Threads::create_vm(JavaVMInitArgs*, bool*)+0x366
V  [libjvm.so+0x8e0445]  JNI_CreateJavaVM+0x55
C  [libjli.so+0x3de1]  JavaMain+0xa1
C  [libjli.so+0x831d]  ThreadJavaMain+0xd


---------------  P R O C E S S  ---------------

Threads class SMR info:
_java_thread_list=0x00007fbe3b222a40, length=0, elements={
}

Java Threads: ( => current thread )

Other Threads:
  0x00007fbe3407f6f0 GCTaskThread "GC Thread#0" [stack: 0x00007fbe384aa000,0x00007fbe385aa000] [id=287060]
  0x00007fbe34090cc0 ConcurrentGCThread "G1 Main Marker" [stack: 0x00007fbe383a8000,0x00007fbe384a8000] [id=287061]
  0x00007fbe34091c30 ConcurrentGCThread "G1 Conc#0" [stack: 0x00007fbe382a6000,0x00007fbe383a6000] [id=287062]

[error occurred during error reporting (printing all threads), id 0xb, SIGSEGV (0xb) at pc=0x00007fbe3a595a84]

VM state: not at safepoint (not fully initialized)

VM Mutex/Monitor currently owned by a thread:  ([mutex/lock_event])
[0x00007fbe34011050] Heap_lock - owner thread: 0x00007fbe34013cd0

Heap address: 0x0000000700000000, size: 4096 MB, Compressed Oops mode: Zero based, Oop shift amount: 3

CDS archive(s) mapped at: [0x0000000000000000-0x0000000000000000-0x0000000000000000), size 0, SharedBaseAddress: 0x0000000800000000, ArchiveRelocationMode: 1.
Narrow klass base: 0x0000000000000000, Narrow klass shift: 0, Narrow klass range: 0x0

GC Precious Log:
<Empty>

Heap:
 garbage-first heap   total 0K, used 0K [0x0000000700000000, 0x0000000800000000)
  region size 2048K, 0 young (0K), 0 survivors (0K)

[error occurred during error reporting (printing heap information), id 0xb, SIGSEGV (0xb) at pc=0x00007fbe3ab547ae]

GC Heap History (0 events):
No events

Dll operation events (1 events):
Event: 0.004 Loaded shared library /usr/lib/jvm/java-17-openjdk-amd64/lib/libjava.so

Deoptimization events (0 events):
No events

Classes unloaded (0 events):
No events

Classes redefined (0 events):
No events

Internal exceptions (0 events):
No events

VM Operations (0 events):
No events

Events (1 events):
Event: 0.003 Protecting memory [0x00007fbe39a20000,0x00007fbe39a24000] with protection modes 0


Dynamic libraries:
561a23b7e000-561a23b7f000 r--p 00000000 08:01 309260                     /usr/lib/jvm/java-17-openjdk-amd64/bin/java
561a23b7f000-561a23b80000 r-xp 00001000 08:01 309260                     /usr/lib/jvm/java-17-openjdk-amd64/bin/java
561a23b80000-561a23b81000 r--p 00002000 08:01 309260                     /usr/lib/jvm/java-17-openjdk-amd64/bin/java
561a23b81000-561a23b82000 r--p 00002000 08:01 309260                     /usr/lib/jvm/java-17-openjdk-amd64/bin/java
561a23b82000-561a23b83000 rw-p 00003000 08:01 309260                     /usr/lib/jvm/java-17-openjdk-amd64/bin/java
561a258e0000-561a25928000 rw-p 00000000 00:00 0                          [heap]
7fbe06000000-7fbe08000000 rw-p 00000000 00:00 0 
7fbe08000000-7fbe08021000 rw-p 00000000 00:00 0 
7fbe08021000-7fbe0c000000 ---p 00000000 00:00 0 
7fbe0c000000-7fbe0c021000 rw-p 00000000 00:00 0 
7fbe0c021000-7fbe10000000 ---p 00000000 00:00 0 
7fbe10000000-7fbe10021000 rw-p 00000000 00:00 0 
7fbe10021000-7fbe14000000 ---p 00000000 00:00 0 
7fbe149b6000-7fbe14da5000 rw-p 00000000 00:00 0 
7fbe14da5000-7fbe1d5a5000 ---p 00000000 00:00 0 
7fbe1d5a5000-7fbe1d815000 rwxp 00000000 00:00 0 
7fbe1d815000-7fbe24add000 ---p 00000000 00:00 0 
7fbe24add000-7fbe24d4d000 rwxp 00000000 00:00 0 
7fbe24d4d000-7fbe2506c000 ---p 00000000 00:00 0 
7fbe2506c000-7fbe252dc000 rwxp 00000000 00:00 0 
7fbe252dc000-7fbe2c5a5000 ---p 00000000 00:00 0 
7fbe2c5a5000-7fbe34000000 r--s 00000000 08:01 309409                     /usr/lib/jvm/java-17-openjdk-amd64/lib/modules
7fbe34000000-7fbe340a7000 rw-p 00000000 00:00 0 
7fbe340a7000-7fbe38000000 ---p 00000000 00:00 0 
7fbe380a2000-7fbe382a4000 rw-p 00000000 00:00 0 
7fbe382a4000-7fbe382a5000 ---p 00000000 00:00 0 
7fbe382a5000-7fbe383a6000 rw-p 00000000 00:00 0 
7fbe383a6000-7fbe383a7000 ---p 00000000 00:00 0 
7fbe383a7000-7fbe384a8000 rw-p 00000000 00:00 0 
7fbe384a8000-7fbe384a9000 ---p 00000000 00:00 0 
7fbe384a9000-7fbe385ef000 rw-p 00000000 00:00 0 
7fbe385ef000-7fbe395ef000 ---p 00000000 00:00 0 
7fbe395ef000-7fbe397f6000 rw-p 00000000 00:00 0 
7fbe397f6000-7fbe398dc000 ---p 00000000 00:00 0 
7fbe398dc000-7fbe398e1000 rw-p 00000000 00:00 0 
7fbe398e1000-7fbe399c7000 ---p 00000000 00:00 0 
7fbe399c7000-7fbe399cc000 rw-p 00000000 00:00 0 
7fbe399cc000-7fbe399d3000 ---p 00000000 00:00 0 
7fbe399d3000-7fbe399df000 r--p 00000000 08:01 309387                     /usr/lib/jvm/java-17-openjdk-amd64/lib/libjava.so
7fbe399df000-7fbe399f2000 r-xp 0000c000 08:01 309387                     /usr/lib/jvm/java-17-openjdk-amd64/lib/libjava.so
7fbe399f2000-7fbe399f8000 r--p 0001f000 08:01 309387                     /usr/lib/jvm/java-17-openjdk-amd64/lib/libjava.so
7fbe399f8000-7fbe399f9000 ---p 00025000 08:01 309387                     /usr/lib/jvm/java-17-openjdk-amd64/lib/libjava.so
7fbe399f9000-7fbe399fa000 r--p 00025000 08:01 309387                     /usr/lib/jvm/java-17-openjdk-amd64/lib/libjava.so
7fbe399fa000-7fbe399fb000 rw-p 00026000 08:01 309387                     /usr/lib/jvm/java-17-openjdk-amd64/lib/libjava.so
7fbe399fb000-7fbe399fc000 rw-p 00000000 00:00 0 
7fbe399fc000-7fbe399ff000 r--p 00000000 08:01 63446                      /usr/lib/x86_64-linux-gnu/libnss_files-2.31.so
7fbe399ff000-7fbe39a06000 r-xp 00003000 08:01 63446                      /usr/lib/x86_64-linux-gnu/libnss_files-2.31.so
7fbe39a06000-7fbe39a08000 r--p 0000a000 08:01 63446                      /usr/lib/x86_64-linux-gnu/libnss_files-2.31.so
7fbe39a08000-7fbe39a09000 r--p 0000b000 08:01 63446                      /usr/lib/x86_64-linux-gnu/libnss_files-2.31.so
7fbe39a09000-7fbe39a0a000 rw-p 0000c000 08:01 63446                      /usr/lib/x86_64-linux-gnu/libnss_files-2.31.so
7fbe39a0a000-7fbe39a10000 rw-p 00000000 00:00 0 
7fbe39a18000-7fbe39a20000 rw-s 00000000 08:01 316121                     /tmp/hsperfdata_root/287058
7fbe39a20000-7fbe39a24000 ---p 00000000 00:00 0 
7fbe39a24000-7fbe39b21000 rw-p 00000000 00:00 0 
7fbe39b21000-7fbe39b24000 r--p 00000000 08:01 4763                       /usr/lib/x86_64-linux-gnu/libgcc_s.so.1
7fbe39b24000-7fbe39b36000 r-xp 00003000 08:01 4763                       /usr/lib/x86_64-linux-gnu/libgcc_s.so.1
7fbe39b36000-7fbe39b3a000 r--p 00015000 08:01 4763                       /usr/lib/x86_64-linux-gnu/libgcc_s.so.1
7fbe39b3a000-7fbe39b3b000 r--p 00018000 08:01 4763                       /usr/lib/x86_64-linux-gnu/libgcc_s.so.1
7fbe39b3b000-7fbe39b3c000 rw-p 00019000 08:01 4763                       /usr/lib/x86_64-linux-gnu/libgcc_s.so.1
7fbe39b3c000-7fbe39b49000 r--p 00000000 08:01 63440                      /usr/lib/x86_64-linux-gnu/libm-2.31.so
7fbe39b49000-7fbe39bf0000 r-xp 0000d000 08:01 63440                      /usr/lib/x86_64-linux-gnu/libm-2.31.so
7fbe39bf0000-7fbe39c89000 r--p 000b4000 08:01 63440                      /usr/lib/x86_64-linux-gnu/libm-2.31.so
7fbe39c89000-7fbe39c8a000 r--p 0014c000 08:01 63440                      /usr/lib/x86_64-linux-gnu/libm-2.31.so
7fbe39c8a000-7fbe39c8b000 rw-p 0014d000 08:01 63440                      /usr/lib/x86_64-linux-gnu/libm-2.31.so
7fbe39c8b000-7fbe39d21000 r--p 00000000 08:01 4762                       /usr/lib/x86_64-linux-gnu/libstdc++.so.6.0.28
7fbe39d21000-7fbe39e12000 r-xp 00096000 08:01 4762                       /usr/lib/x86_64-linux-gnu/libstdc++.so.6.0.28
7fbe39e12000-7fbe39e5b000 r--p 00187000 08:01 4762                       /usr/lib/x86_64-linux-gnu/libstdc++.so.6.0.28
7fbe39e5b000-7fbe39e5c000 ---p 001d0000 08:01 4762                       /usr/lib/x86_64-linux-gnu/libstdc++.so.6.0.28
7fbe39e5c000-7fbe39e67000 r--p 001d0000 08:01 4762                       /usr/lib/x86_64-linux-gnu/libstdc++.so.6.0.28
7fbe39e67000-7fbe39e6a000 rw-p 001db000 08:01 4762                       /usr/lib/x86_64-linux-gnu/libstdc++.so.6.0.28
7fbe39e6a000-7fbe39e6d000 rw-p 00000000 00:00 0 
7fbe39e6d000-7fbe39e6f000 r--p 00000000 08:01 63453                      /usr/lib/x86_64-linux-gnu/librt-2.31.so
7fbe39e6f000-7fbe39e73000 r-xp 00002000 08:01 63453                      /usr/lib/x86_64-linux-gnu/librt-2.31.so
7fbe39e73000-7fbe39e75000 r--p 00006000 08:01 63453                      /usr/lib/x86_64-linux-gnu/librt-2.31.so
7fbe39e75000-7fbe39e76000 r--p 00007000 08:01 63453                      /usr/lib/x86_64-linux-gnu/librt-2.31.so
7fbe39e76000-7fbe39e77000 rw-p 00008000 08:01 63453                      /usr/lib/x86_64-linux-gnu/librt-2.31.so
7fbe39e77000-7fbe3a0c8000 r--p 00000000 08:01 309415                     /usr/lib/jvm/java-17-openjdk-amd64/lib/server/libjvm.so
7fbe3a0c8000-7fbe3ae5e000 r-xp 00251000 08:01 309415                     /usr/lib/jvm/java-17-openjdk-amd64/lib/server/libjvm.so
7fbe3ae5e000-7fbe3b0e5000 r--p 00fe7000 08:01 309415                     /usr/lib/jvm/java-17-openjdk-amd64/lib/server/libjvm.so
7fbe3b0e5000-7fbe3b0e6000 ---p 0126e000 08:01 309415                     /usr/lib/jvm/java-17-openjdk-amd64/lib/server/libjvm.so
7fbe3b0e6000-7fbe3b19e000 r--p 0126e000 08:01 309415                     /usr/lib/jvm/java-17-openjdk-amd64/lib/server/libjvm.so
7fbe3b19e000-7fbe3b1d3000 rw-p 01326000 08:01 309415                     /usr/lib/jvm/java-17-openjdk-amd64/lib/server/libjvm.so
7fbe3b1d3000-7fbe3b22f000 rw-p 00000000 00:00 0 
7fbe3b22f000-7fbe3b251000 r--p 00000000 08:01 63438                      /usr/lib/x86_64-linux-gnu/libc-2.31.so
7fbe3b251000-7fbe3b3c9000 r-xp 00022000 08:01 63438                      /usr/lib/x86_64-linux-gnu/libc-2.31.so
7fbe3b3c9000-7fbe3b417000 r--p 0019a000 08:01 63438                      /usr/lib/x86_64-linux-gnu/libc-2.31.so
7fbe3b417000-7fbe3b41b000 r--p 001e7000 08:01 63438                      /usr/lib/x86_64-linux-gnu/libc-2.31.so
7fbe3b41b000-7fbe3b41d000 rw-p 001eb000 08:01 63438                      /usr/lib/x86_64-linux-gnu/libc-2.31.so
7fbe3b41d000-7fbe3b421000 rw-p 00000000 00:00 0 
7fbe3b421000-7fbe3b422000 r--p 00000000 08:01 63439                      /usr/lib/x86_64-linux-gnu/libdl-2.31.so
7fbe3b422000-7fbe3b424000 r-xp 00001000 08:01 63439                      /usr/lib/x86_64-linux-gnu/libdl-2.31.so
7fbe3b424000-7fbe3b425000 r--p 00003000 08:01 63439                      /usr/lib/x86_64-linux-gnu/libdl-2.31.so
7fbe3b425000-7fbe3b426000 r--p 00003000 08:01 63439                      /usr/lib/x86_64-linux-gnu/libdl-2.31.so
7fbe3b426000-7fbe3b427000 rw-p 00004000 08:01 63439                      /usr/lib/x86_64-linux-gnu/libdl-2.31.so
7fbe3b427000-7fbe3b42d000 r--p 00000000 08:01 63451                      /usr/lib/x86_64-linux-gnu/libpthread-2.31.so
7fbe3b42d000-7fbe3b43e000 r-xp 00006000 08:01 63451                      /usr/lib/x86_64-linux-gnu/libpthread-2.31.so
7fbe3b43e000-7fbe3b444000 r--p 00017000 08:01 63451                      /usr/lib/x86_64-linux-gnu/libpthread-2.31.so
7fbe3b444000-7fbe3b445000 r--p 0001c000 08:01 63451                      /usr/lib/x86_64-linux-gnu/libpthread-2.31.so
7fbe3b445000-7fbe3b446000 rw-p 0001d000 08:01 63451                      /usr/lib/x86_64-linux-gnu/libpthread-2.31.so
7fbe3b446000-7fbe3b44a000 rw-p 00000000 00:00 0 
7fbe3b44a000-7fbe3b44c000 r--p 00000000 08:01 309391                     /usr/lib/jvm/java-17-openjdk-amd64/lib/libjli.so
7fbe3b44c000-7fbe3b456000 r-xp 00002000 08:01 309391                     /usr/lib/jvm/java-17-openjdk-amd64/lib/libjli.so
7fbe3b456000-7fbe3b459000 r--p 0000c000 08:01 309391                     /usr/lib/jvm/java-17-openjdk-amd64/lib/libjli.so
7fbe3b459000-7fbe3b45a000 ---p 0000f000 08:01 309391                     /usr/lib/jvm/java-17-openjdk-amd64/lib/libjli.so
7fbe3b45a000-7fbe3b45b000 r--p 0000f000 08:01 309391                     /usr/lib/jvm/java-17-openjdk-amd64/lib/libjli.so
7fbe3b45b000-7fbe3b45c000 rw-p 00010000 08:01 309391                     /usr/lib/jvm/java-17-openjdk-amd64/lib/libjli.so
7fbe3b45c000-7fbe3b45e000 r--p 00000000 08:01 3849                       /usr/lib/x86_64-linux-gnu/libz.so.1.2.11
7fbe3b45e000-7fbe3b46f000 r-xp 00002000 08:01 3849                       /usr/lib/x86_64-linux-gnu/libz.so.1.2.11
7fbe3b46f000-7fbe3b475000 r--p 00013000 08:01 3849                       /usr/lib/x86_64-linux-gnu/libz.so.1.2.11
7fbe3b475000-7fbe3b476000 ---p 00019000 08:01 3849                       /usr/lib/x86_64-linux-gnu/libz.so.1.2.11
7fbe3b476000-7fbe3b477000 r--p 00019000 08:01 3849                       /usr/lib/x86_64-linux-gnu/libz.so.1.2.11
7fbe3b477000-7fbe3b478000 rw-p 0001a000 08:01 3849                       /usr/lib/x86_64-linux-gnu/libz.so.1.2.11
7fbe3b478000-7fbe3b47a000 rw-p 00000000 00:00 0 
7fbe3b47f000-7fbe3b480000 ---p 00000000 00:00 0 
7fbe3b480000-7fbe3b481000 r--p 00000000 00:00 0 
7fbe3b481000-7fbe3b483000 r--p 00000000 08:01 309390                     /usr/lib/jvm/java-17-openjdk-amd64/lib/libjimage.so
7fbe3b483000-7fbe3b486000 r-xp 00002000 08:01 309390                     /usr/lib/jvm/java-17-openjdk-amd64/lib/libjimage.so
7fbe3b486000-7fbe3b487000 r--p 00005000 08:01 309390                     /usr/lib/jvm/java-17-openjdk-amd64/lib/libjimage.so
7fbe3b487000-7fbe3b488000 ---p 00006000 08:01 309390                     /usr/lib/jvm/java-17-openjdk-amd64/lib/libjimage.so
7fbe3b488000-7fbe3b489000 r--p 00006000 08:01 309390                     /usr/lib/jvm/java-17-openjdk-amd64/lib/libjimage.so
7fbe3b489000-7fbe3b48a000 rw-p 00007000 08:01 309390                     /usr/lib/jvm/java-17-openjdk-amd64/lib/libjimage.so
7fbe3b48a000-7fbe3b48b000 r--p 00000000 08:01 63434                      /usr/lib/x86_64-linux-gnu/ld-2.31.so
7fbe3b48b000-7fbe3b4ae000 r-xp 00001000 08:01 63434                      /usr/lib/x86_64-linux-gnu/ld-2.31.so
7fbe3b4ae000-7fbe3b4b6000 r--p 00024000 08:01 63434                      /usr/lib/x86_64-linux-gnu/ld-2.31.so
7fbe3b4b6000-7fbe3b4b7000 ---p 00000000 00:00 0 
7fbe3b4b7000-7fbe3b4b8000 r--p 0002c000 08:01 63434                      /usr/lib/x86_64-linux-gnu/ld-2.31.so
7fbe3b4b8000-7fbe3b4b9000 rw-p 0002d000 08:01 63434                      /usr/lib/x86_64-linux-gnu/ld-2.31.so
7fbe3b4b9000-7fbe3b4ba000 rw-p 00000000 00:00 0 
7ffdd2181000-7ffdd21a2000 rw-p 00000000 00:00 0                          [stack]
7ffdd21a8000-7ffdd21ac000 r--p 00000000 00:00 0                          [vvar]
7ffdd21ac000-7ffdd21ae000 r-xp 00000000 00:00 0                          [vdso]
ffffffffff600000-ffffffffff601000 --xp 00000000 00:00 0                  [vsyscall]


VM Arguments:
jvm_args: -Xmx4096M -Xms4096M 
java_command: forge-1.7.10-10.13.4.1614-1.7.10-universal.jar nogui
java_class_path (initial): forge-1.7.10-10.13.4.1614-1.7.10-universal.jar
Launcher Type: SUN_STANDARD

[Global flags]
     intx CICompilerCount                          = 2                                         {product} {ergonomic}
     uint ConcGCThreads                            = 1                                         {product} {ergonomic}
     uint G1ConcRefinementThreads                  = 2                                         {product} {ergonomic}
   size_t G1HeapRegionSize                         = 2097152                                   {product} {ergonomic}
    uintx GCDrainStackTargetSize                   = 64                                        {product} {ergonomic}
   size_t InitialHeapSize                          = 4294967296                                {product} {command line}
   size_t MarkStackSize                            = 4194304                                   {product} {ergonomic}
   size_t MaxHeapSize                              = 4294967296                                {product} {command line}
   size_t MinHeapDeltaBytes                        = 2097152                                   {product} {ergonomic}
   size_t MinHeapSize                              = 4294967296                                {product} {command line}
    uintx NonNMethodCodeHeapSize                   = 5826188                                {pd product} {ergonomic}
    uintx NonProfiledCodeHeapSize                  = 122916026                              {pd product} {ergonomic}
    uintx ProfiledCodeHeapSize                     = 122916026                              {pd product} {ergonomic}
    uintx ReservedCodeCacheSize                    = 251658240                              {pd product} {ergonomic}
     bool SegmentedCodeCache                       = true                                      {product} {ergonomic}
   size_t SoftMaxHeapSize                          = 4294967296                             {manageable} {ergonomic}
     bool UseCompressedClassPointers               = true                           {product lp64_product} {ergonomic}
     bool UseCompressedOops                        = true                           {product lp64_product} {ergonomic}
     bool UseG1GC                                  = true                                      {product} {ergonomic}

Logging:
Log output configuration:
 #0: stdout all=warning uptime,level,tags
 #1: stderr all=off uptime,level,tags

Environment Variables:
PATH=/usr/local/sbin:/usr/local/bin:/usr/sbin:/usr/bin:/sbin:/bin:/usr/games:/usr/local/games:/snap/bin
SHELL=/bin/bash
LANG=C.UTF-8
TERM=xterm

Active Locale:
LC_ALL=C
LC_COLLATE=C
LC_CTYPE=C
LC_MESSAGES=C
LC_MONETARY=C
LC_NUMERIC=C
LC_TIME=C

Signal Handlers:
   SIGSEGV: crash_handler in libjvm.so, mask=11100100010111111101111111111110, flags=SA_RESTART|SA_SIGINFO, unblocked
    SIGBUS: crash_handler in libjvm.so, mask=11100100010111111101111111111110, flags=SA_RESTART|SA_SIGINFO, unblocked
    SIGFPE: crash_handler in libjvm.so, mask=11100100010111111101111111111110, flags=SA_RESTART|SA_SIGINFO, unblocked
   SIGPIPE: javaSignalHandler in libjvm.so, mask=11100100010111111101111111111110, flags=SA_RESTART|SA_SIGINFO, blocked
   SIGXFSZ: javaSignalHandler in libjvm.so, mask=11100100010111111101111111111110, flags=SA_RESTART|SA_SIGINFO, blocked
    SIGILL: crash_handler in libjvm.so, mask=11100100010111111101111111111110, flags=SA_RESTART|SA_SIGINFO, unblocked
   SIGUSR2: SR_handler in libjvm.so, mask=00000000000000000000000000000000, flags=SA_RESTART|SA_SIGINFO, blocked
    SIGHUP: SIG_DFL, mask=00000000000000000000000000000000, flags=none, blocked
    SIGINT: SIG_DFL, mask=00000000000000000000000000000000, flags=none, blocked
   SIGTERM: SIG_DFL, mask=00000000000000000000000000000000, flags=none, blocked
   SIGQUIT: UserHandler in libjvm.so, mask=11100100010111111101111111111110, flags=SA_RESTART|SA_SIGINFO, blocked
   SIGTRAP: crash_handler in libjvm.so, mask=11100100010111111101111111111110, flags=SA_RESTART|SA_SIGINFO, unblocked


---------------  S Y S T E M  ---------------

OS:
DISTRIB_ID=Ubuntu
DISTRIB_RELEASE=20.04
DISTRIB_CODENAME=focal
DISTRIB_DESCRIPTION="Ubuntu 20.04.6 LTS"
uname: Linux 5.15.0-1049-azure #56~20.04.1-Ubuntu SMP Thu Sep 21 13:01:28 UTC 2023 x86_64
OS uptime: 8 days 14:43 hours
libc: glibc 2.31 NPTL 2.31 
rlimit (soft/hard): STACK 8192k/infinity , CORE 0k/infinity , NPROC 15618/15618 , NOFILE 1048576/1048576 , AS infinity/infinity , CPU infinity/infinity , DATA infinity/infinity , FSIZE infinity/infinity , MEMLOCK 65536k/65536k
load average: 0.34 0.27 0.20

/proc/meminfo:
MemTotal:        4007276 kB
MemFree:          252004 kB
MemAvailable:    1451696 kB
Buffers:           70992 kB
Cached:          1303292 kB
SwapCached:            0 kB
Active:           807196 kB
Inactive:        2680760 kB
Active(anon):        988 kB
Inactive(anon):  2125484 kB
Active(file):     806208 kB
Inactive(file):   555276 kB
Unevictable:       21608 kB
Mlocked:           18536 kB
SwapTotal:             0 kB
SwapFree:              0 kB
Dirty:               820 kB
Writeback:             0 kB
AnonPages:       2130704 kB
Mapped:            98704 kB
Shmem:              4496 kB
KReclaimable:     101588 kB
Slab:             163140 kB
SReclaimable:     101588 kB
SUnreclaim:        61552 kB
KernelStack:        4212 kB
PageTables:         8328 kB
NFS_Unstable:          0 kB
Bounce:                0 kB
WritebackTmp:          0 kB
CommitLimit:     2003636 kB
Committed_AS:    3095812 kB
VmallocTotal:   34359738367 kB
VmallocUsed:       36636 kB
VmallocChunk:          0 kB
Percpu:             1880 kB
HardwareCorrupted:     0 kB
AnonHugePages:   1515520 kB
ShmemHugePages:        0 kB
ShmemPmdMapped:        0 kB
FileHugePages:         0 kB
FilePmdMapped:         0 kB
HugePages_Total:       0
HugePages_Free:        0
HugePages_Rsvd:        0
HugePages_Surp:        0
Hugepagesize:       2048 kB
Hugetlb:               0 kB
DirectMap4k:      285960 kB
DirectMap2M:     3907584 kB
DirectMap1G:     2097152 kB

/sys/kernel/mm/transparent_hugepage/enabled: [always] madvise never
/sys/kernel/mm/transparent_hugepage/defrag (defrag/compaction efforts parameter): always defer defer+madvise [madvise] never

Process Memory:
Virtual Size: 863012K (peak: 5053288K)
Resident Set Size: 19156K (peak: 19156K) (anon: 6124K, file: 13032K, shmem: 0K)
Swapped out: 0K
C-Heap outstanding allocations: 8981K, retained: 530K
glibc malloc tunables: (default)

/proc/sys/kernel/threads-max (system-wide limit on the number of threads): 31236
/proc/sys/vm/max_map_count (maximum number of memory map areas a process may have): 65530
/proc/sys/kernel/pid_max (system-wide limit on number of process identifiers): 4194304

container (cgroup) information:
container_type: cgroupv1
cpu_cpuset_cpus: 0-1
cpu_memory_nodes: 0
active_processor_count: 2
cpu_quota: no quota
cpu_period: 100000
cpu_shares: no shares
memory_limit_in_bytes: unlimited
memory_and_swap_limit_in_bytes: unlimited
memory_soft_limit_in_bytes: unlimited
memory_usage_in_bytes: 37248 k
memory_max_usage_in_bytes: 41536 k
kernel_memory_usage_in_bytes: 696 k
kernel_memory_max_usage_in_bytes: unlimited
kernel_memory_limit_in_bytes: 3580 k
maximum number of tasks: unlimited
current number of tasks: 8

Hyper-V virtualization detected
Steal ticks since vm start: 0
Steal ticks percentage since vm start:  0.000

CPU: total 2 (initial active 2) (2 cores per cpu, 1 threads per core) family 6 model 79 stepping 1 microcode 0xffffffff, cx8, cmov, fxsr, mmx, 3dnowpref, sse, sse2, sse3, ssse3, sse4.1, sse4.2, popcnt, lzcnt, tsc, avx, avx2, aes, erms, clmul, bmi1, bmi2, rtm, adx, fma, vzeroupper, clflush, hv
CPU Model and flags from /proc/cpuinfo:
model name	: Intel(R) Xeon(R) CPU E5-2673 v4 @ 2.30GHz
flags		: fpu vme de pse tsc msr pae mce cx8 apic sep mtrr pge mca cmov pat pse36 clflush mmx fxsr sse sse2 ss ht syscall nx pdpe1gb rdtscp lm constant_tsc rep_good nopl xtopology cpuid pni pclmulqdq ssse3 fma cx16 pcid sse4_1 sse4_2 movbe popcnt aes xsave avx f16c rdrand hypervisor lahf_lm abm 3dnowprefetch invpcid_single pti fsgsbase bmi1 hle avx2 smep bmi2 erms invpcid rtm rdseed adx smap xsaveopt md_clear

Online cpus: 0-1
Offline cpus: 
BIOS frequency limitation: <Not Available>
Frequency switch latency (ns): <Not Available>
Available cpu frequencies: <Not Available>
Current governor: <Not Available>
Core performance/turbo boost: <Not Available>

Memory: 4k page, physical 4007276k(252004k free), swap 0k(0k free)
Page Sizes: 4k

vm_info: OpenJDK 64-Bit Server VM (17.0.8.1+1-Ubuntu-0ubuntu120.04) for linux-amd64 JRE (17.0.8.1+1-Ubuntu-0ubuntu120.04), built on Aug 24 2023 23:32:18 by "buildd" with gcc 9.4.0

END.
