#
# There is insufficient memory for the Java Runtime Environment to continue.
# Native memory allocation (mmap) failed to map 4294967296 bytes for committing reserved memory.
# Possible reasons:
#   The system is out of physical RAM or swap space
#   The process is running with CompressedOops enabled, and the Java Heap may be blocking the growth of the native heap
# Possible solutions:
#   Reduce memory load on the system
#   Increase physical memory or swap space
#   Check if swap backing store is full
#   Decrease Java heap size (-Xmx/-Xms)
#   Decrease number of Java threads
#   Decrease Java thread stack sizes (-Xss)
#   Set larger code cache with -XX:ReservedCodeCacheSize=
#   JVM is running with Zero Based Compressed Oops mode in which the Java heap is
#     placed in the first 32GB address space. The Java Heap base address is the
#     maximum limit for the native heap growth. Please use -XX:HeapBaseMinAddress
#     to set the Java Heap base and to place the Java Heap above 32GB virtual address.
# This output file may be truncated or incomplete.
#
#  Out of Memory Error (os_linux.cpp:2783), pid=287101, tid=287102
#
# JRE version:  (17.0.8.1+1) (build )
# Java VM: OpenJDK 64-Bit Server VM (17.0.8.1+1-Ubuntu-0ubuntu120.04, mixed mode, sharing, tiered, compressed oops, compressed class ptrs, g1 gc, linux-amd64)
# Core dump will be written. Default location: Core dumps may be processed with "/usr/share/apport/apport -p%p -s%s -c%c -d%d -P%P -u%u -g%g -- %E" (or dumping to /root/minecraft/server-1/core.287101)
#

---------------  S U M M A R Y ------------

Command Line: -Xmx4096M -Xms4096M forge-1.7.10-10.13.4.1614-1.7.10-universal.jar nogui

Host: Intel(R) Xeon(R) CPU E5-2673 v4 @ 2.30GHz, 2 cores, 3G, Ubuntu 20.04.6 LTS
Time: Tue Oct 24 18:52:05 2023 -03 elapsed time: 0.009070 seconds (0d 0h 0m 0s)

---------------  T H R E A D  ---------------

Current thread (0x00007f1750013cd0):  JavaThread "Unknown thread" [_thread_in_vm, id=287102, stack(0x00007f17541f6000,0x00007f17542f7000)]

Stack: [0x00007f17541f6000,0x00007f17542f7000],  sp=0x00007f17542f5470,  free space=1021k
Native frames: (J=compiled Java code, j=interpreted, Vv=VM code, C=native code)
V  [libjvm.so+0xf64e85]  VMError::report_and_die(int, char const*, char const*, __va_list_tag*, Thread*, unsigned char*, void*, void*, char const*, int, unsigned long)+0x175
V  [libjvm.so+0xf65b31]  VMError::report_and_die(Thread*, char const*, int, unsigned long, VMErrorType, char const*, __va_list_tag*)+0x31
V  [libjvm.so+0x61cf90]  report_vm_out_of_memory(char const*, int, unsigned long, VMErrorType, char const*, ...)+0xe0
V  [libjvm.so+0xc35a00]  os::pd_commit_memory_or_exit(char*, unsigned long, unsigned long, bool, char const*)+0xe0
V  [libjvm.so+0xc2f081]  os::commit_memory_or_exit(char*, unsigned long, unsigned long, bool, char const*)+0x21
V  [libjvm.so+0x74e9ce]  G1PageBasedVirtualSpace::commit(unsigned long, unsigned long)+0x18e
V  [libjvm.so+0x763021]  G1RegionsLargerThanCommitSizeMapper::commit_regions(unsigned int, unsigned long, WorkGang*)+0x1a1
V  [libjvm.so+0x7f579c]  HeapRegionManager::commit_regions(unsigned int, unsigned long, WorkGang*)+0x5c
V  [libjvm.so+0x7f67e9]  HeapRegionManager::expand(unsigned int, unsigned int, WorkGang*)+0x39
V  [libjvm.so+0x7f6a02]  HeapRegionManager::expand_by(unsigned int, WorkGang*)+0x72
V  [libjvm.so+0x7066e6]  G1CollectedHeap::expand(unsigned long, WorkGang*, double*)+0xf6
V  [libjvm.so+0x706e97]  G1CollectedHeap::initialize()+0x727
V  [libjvm.so+0xf126c6]  universe_init()+0xd6
V  [libjvm.so+0x81627b]  init_globals()+0x3b
V  [libjvm.so+0xee8996]  Threads::create_vm(JavaVMInitArgs*, bool*)+0x366
V  [libjvm.so+0x8e0445]  JNI_CreateJavaVM+0x55
C  [libjli.so+0x3de1]  JavaMain+0xa1
C  [libjli.so+0x831d]  ThreadJavaMain+0xd


---------------  P R O C E S S  ---------------

Threads class SMR info:
_java_thread_list=0x00007f17559f8a40, length=0, elements={
}

Java Threads: ( => current thread )

Other Threads:
  0x00007f175007f6f0 GCTaskThread "GC Thread#0" [stack: 0x00007f172f9b8000,0x00007f172fab8000] [id=287103]
  0x00007f1750090cc0 ConcurrentGCThread "G1 Main Marker" [stack: 0x00007f172f8b6000,0x00007f172f9b6000] [id=287104]
  0x00007f1750091c30 ConcurrentGCThread "G1 Conc#0" [stack: 0x00007f172f7b4000,0x00007f172f8b4000] [id=287105]

[error occurred during error reporting (printing all threads), id 0xb, SIGSEGV (0xb) at pc=0x00007f1754d6ba84]

VM state: not at safepoint (not fully initialized)

VM Mutex/Monitor currently owned by a thread:  ([mutex/lock_event])
[0x00007f1750011050] Heap_lock - owner thread: 0x00007f1750013cd0

Heap address: 0x0000000700000000, size: 4096 MB, Compressed Oops mode: Zero based, Oop shift amount: 3

CDS archive(s) mapped at: [0x0000000000000000-0x0000000000000000-0x0000000000000000), size 0, SharedBaseAddress: 0x0000000800000000, ArchiveRelocationMode: 1.
Narrow klass base: 0x0000000000000000, Narrow klass shift: 0, Narrow klass range: 0x0

GC Precious Log:
<Empty>

Heap:
 garbage-first heap   total 0K, used 0K [0x0000000700000000, 0x0000000800000000)
  region size 2048K, 0 young (0K), 0 survivors (0K)

[error occurred during error reporting (printing heap information), id 0xb, SIGSEGV (0xb) at pc=0x00007f175532a7ae]

GC Heap History (0 events):
No events

Dll operation events (1 events):
Event: 0.004 Loaded shared library /usr/lib/jvm/java-17-openjdk-amd64/lib/libjava.so

Deoptimization events (0 events):
No events

Classes unloaded (0 events):
No events

Classes redefined (0 events):
No events

Internal exceptions (0 events):
No events

VM Operations (0 events):
No events

Events (1 events):
Event: 0.003 Protecting memory [0x00007f17541f6000,0x00007f17541fa000] with protection modes 0


Dynamic libraries:
557549c83000-557549c84000 r--p 00000000 08:01 309260                     /usr/lib/jvm/java-17-openjdk-amd64/bin/java
557549c84000-557549c85000 r-xp 00001000 08:01 309260                     /usr/lib/jvm/java-17-openjdk-amd64/bin/java
557549c85000-557549c86000 r--p 00002000 08:01 309260                     /usr/lib/jvm/java-17-openjdk-amd64/bin/java
557549c86000-557549c87000 r--p 00002000 08:01 309260                     /usr/lib/jvm/java-17-openjdk-amd64/bin/java
557549c87000-557549c88000 rw-p 00003000 08:01 309260                     /usr/lib/jvm/java-17-openjdk-amd64/bin/java
55754ae43000-55754ae8b000 rw-p 00000000 00:00 0                          [heap]
7f1720000000-7f1720021000 rw-p 00000000 00:00 0 
7f1720021000-7f1724000000 ---p 00000000 00:00 0 
7f1724000000-7f1724021000 rw-p 00000000 00:00 0 
7f1724021000-7f1728000000 ---p 00000000 00:00 0 
7f1728000000-7f1728021000 rw-p 00000000 00:00 0 
7f1728021000-7f172c000000 ---p 00000000 00:00 0 
7f172d1c1000-7f172f7b2000 rw-p 00000000 00:00 0 
7f172f7b2000-7f172f7b3000 ---p 00000000 00:00 0 
7f172f7b3000-7f172f8b4000 rw-p 00000000 00:00 0 
7f172f8b4000-7f172f8b5000 ---p 00000000 00:00 0 
7f172f8b5000-7f172f9b6000 rw-p 00000000 00:00 0 
7f172f9b6000-7f172f9b7000 ---p 00000000 00:00 0 
7f172f9b7000-7f172fab8000 rw-p 00000000 00:00 0 
7f172fab8000-7f17392b8000 ---p 00000000 00:00 0 
7f17392b8000-7f17394bf000 rw-p 00000000 00:00 0 
7f17394bf000-7f17395a5000 ---p 00000000 00:00 0 
7f17395a5000-7f1739815000 rwxp 00000000 00:00 0 
7f1739815000-7f1740add000 ---p 00000000 00:00 0 
7f1740add000-7f1740d4d000 rwxp 00000000 00:00 0 
7f1740d4d000-7f174106c000 ---p 00000000 00:00 0 
7f174106c000-7f17412dc000 rwxp 00000000 00:00 0 
7f17412dc000-7f17485a5000 ---p 00000000 00:00 0 
7f17485a5000-7f1750000000 r--s 00000000 08:01 309409                     /usr/lib/jvm/java-17-openjdk-amd64/lib/modules
7f1750000000-7f17500a7000 rw-p 00000000 00:00 0 
7f17500a7000-7f1754000000 ---p 00000000 00:00 0 
7f175406d000-7f17540b7000 rw-p 00000000 00:00 0 
7f17540b7000-7f175419d000 ---p 00000000 00:00 0 
7f175419d000-7f17541a2000 rw-p 00000000 00:00 0 
7f17541a2000-7f17541a9000 ---p 00000000 00:00 0 
7f17541a9000-7f17541b5000 r--p 00000000 08:01 309387                     /usr/lib/jvm/java-17-openjdk-amd64/lib/libjava.so
7f17541b5000-7f17541c8000 r-xp 0000c000 08:01 309387                     /usr/lib/jvm/java-17-openjdk-amd64/lib/libjava.so
7f17541c8000-7f17541ce000 r--p 0001f000 08:01 309387                     /usr/lib/jvm/java-17-openjdk-amd64/lib/libjava.so
7f17541ce000-7f17541cf000 ---p 00025000 08:01 309387                     /usr/lib/jvm/java-17-openjdk-amd64/lib/libjava.so
7f17541cf000-7f17541d0000 r--p 00025000 08:01 309387                     /usr/lib/jvm/java-17-openjdk-amd64/lib/libjava.so
7f17541d0000-7f17541d1000 rw-p 00026000 08:01 309387                     /usr/lib/jvm/java-17-openjdk-amd64/lib/libjava.so
7f17541d1000-7f17541d2000 rw-p 00000000 00:00 0 
7f17541d2000-7f17541d5000 r--p 00000000 08:01 63446                      /usr/lib/x86_64-linux-gnu/libnss_files-2.31.so
7f17541d5000-7f17541dc000 r-xp 00003000 08:01 63446                      /usr/lib/x86_64-linux-gnu/libnss_files-2.31.so
7f17541dc000-7f17541de000 r--p 0000a000 08:01 63446                      /usr/lib/x86_64-linux-gnu/libnss_files-2.31.so
7f17541de000-7f17541df000 r--p 0000b000 08:01 63446                      /usr/lib/x86_64-linux-gnu/libnss_files-2.31.so
7f17541df000-7f17541e0000 rw-p 0000c000 08:01 63446                      /usr/lib/x86_64-linux-gnu/libnss_files-2.31.so
7f17541e0000-7f17541e6000 rw-p 00000000 00:00 0 
7f17541ee000-7f17541f6000 rw-s 00000000 08:01 316138                     /tmp/hsperfdata_root/287101
7f17541f6000-7f17541fa000 ---p 00000000 00:00 0 
7f17541fa000-7f17542f7000 rw-p 00000000 00:00 0 
7f17542f7000-7f17542fa000 r--p 00000000 08:01 4763                       /usr/lib/x86_64-linux-gnu/libgcc_s.so.1
7f17542fa000-7f175430c000 r-xp 00003000 08:01 4763                       /usr/lib/x86_64-linux-gnu/libgcc_s.so.1
7f175430c000-7f1754310000 r--p 00015000 08:01 4763                       /usr/lib/x86_64-linux-gnu/libgcc_s.so.1
7f1754310000-7f1754311000 r--p 00018000 08:01 4763                       /usr/lib/x86_64-linux-gnu/libgcc_s.so.1
7f1754311000-7f1754312000 rw-p 00019000 08:01 4763                       /usr/lib/x86_64-linux-gnu/libgcc_s.so.1
7f1754312000-7f175431f000 r--p 00000000 08:01 63440                      /usr/lib/x86_64-linux-gnu/libm-2.31.so
7f175431f000-7f17543c6000 r-xp 0000d000 08:01 63440                      /usr/lib/x86_64-linux-gnu/libm-2.31.so
7f17543c6000-7f175445f000 r--p 000b4000 08:01 63440                      /usr/lib/x86_64-linux-gnu/libm-2.31.so
7f175445f000-7f1754460000 r--p 0014c000 08:01 63440                      /usr/lib/x86_64-linux-gnu/libm-2.31.so
7f1754460000-7f1754461000 rw-p 0014d000 08:01 63440                      /usr/lib/x86_64-linux-gnu/libm-2.31.so
7f1754461000-7f17544f7000 r--p 00000000 08:01 4762                       /usr/lib/x86_64-linux-gnu/libstdc++.so.6.0.28
7f17544f7000-7f17545e8000 r-xp 00096000 08:01 4762                       /usr/lib/x86_64-linux-gnu/libstdc++.so.6.0.28
7f17545e8000-7f1754631000 r--p 00187000 08:01 4762                       /usr/lib/x86_64-linux-gnu/libstdc++.so.6.0.28
7f1754631000-7f1754632000 ---p 001d0000 08:01 4762                       /usr/lib/x86_64-linux-gnu/libstdc++.so.6.0.28
7f1754632000-7f175463d000 r--p 001d0000 08:01 4762                       /usr/lib/x86_64-linux-gnu/libstdc++.so.6.0.28
7f175463d000-7f1754640000 rw-p 001db000 08:01 4762                       /usr/lib/x86_64-linux-gnu/libstdc++.so.6.0.28
7f1754640000-7f1754643000 rw-p 00000000 00:00 0 
7f1754643000-7f1754645000 r--p 00000000 08:01 63453                      /usr/lib/x86_64-linux-gnu/librt-2.31.so
7f1754645000-7f1754649000 r-xp 00002000 08:01 63453                      /usr/lib/x86_64-linux-gnu/librt-2.31.so
7f1754649000-7f175464b000 r--p 00006000 08:01 63453                      /usr/lib/x86_64-linux-gnu/librt-2.31.so
7f175464b000-7f175464c000 r--p 00007000 08:01 63453                      /usr/lib/x86_64-linux-gnu/librt-2.31.so
7f175464c000-7f175464d000 rw-p 00008000 08:01 63453                      /usr/lib/x86_64-linux-gnu/librt-2.31.so
7f175464d000-7f175489e000 r--p 00000000 08:01 309415                     /usr/lib/jvm/java-17-openjdk-amd64/lib/server/libjvm.so
7f175489e000-7f1755634000 r-xp 00251000 08:01 309415                     /usr/lib/jvm/java-17-openjdk-amd64/lib/server/libjvm.so
7f1755634000-7f17558bb000 r--p 00fe7000 08:01 309415                     /usr/lib/jvm/java-17-openjdk-amd64/lib/server/libjvm.so
7f17558bb000-7f17558bc000 ---p 0126e000 08:01 309415                     /usr/lib/jvm/java-17-openjdk-amd64/lib/server/libjvm.so
7f17558bc000-7f1755974000 r--p 0126e000 08:01 309415                     /usr/lib/jvm/java-17-openjdk-amd64/lib/server/libjvm.so
7f1755974000-7f17559a9000 rw-p 01326000 08:01 309415                     /usr/lib/jvm/java-17-openjdk-amd64/lib/server/libjvm.so
7f17559a9000-7f1755a05000 rw-p 00000000 00:00 0 
7f1755a05000-7f1755a27000 r--p 00000000 08:01 63438                      /usr/lib/x86_64-linux-gnu/libc-2.31.so
7f1755a27000-7f1755b9f000 r-xp 00022000 08:01 63438                      /usr/lib/x86_64-linux-gnu/libc-2.31.so
7f1755b9f000-7f1755bed000 r--p 0019a000 08:01 63438                      /usr/lib/x86_64-linux-gnu/libc-2.31.so
7f1755bed000-7f1755bf1000 r--p 001e7000 08:01 63438                      /usr/lib/x86_64-linux-gnu/libc-2.31.so
7f1755bf1000-7f1755bf3000 rw-p 001eb000 08:01 63438                      /usr/lib/x86_64-linux-gnu/libc-2.31.so
7f1755bf3000-7f1755bf7000 rw-p 00000000 00:00 0 
7f1755bf7000-7f1755bf8000 r--p 00000000 08:01 63439                      /usr/lib/x86_64-linux-gnu/libdl-2.31.so
7f1755bf8000-7f1755bfa000 r-xp 00001000 08:01 63439                      /usr/lib/x86_64-linux-gnu/libdl-2.31.so
7f1755bfa000-7f1755bfb000 r--p 00003000 08:01 63439                      /usr/lib/x86_64-linux-gnu/libdl-2.31.so
7f1755bfb000-7f1755bfc000 r--p 00003000 08:01 63439                      /usr/lib/x86_64-linux-gnu/libdl-2.31.so
7f1755bfc000-7f1755bfd000 rw-p 00004000 08:01 63439                      /usr/lib/x86_64-linux-gnu/libdl-2.31.so
7f1755bfd000-7f1755c03000 r--p 00000000 08:01 63451                      /usr/lib/x86_64-linux-gnu/libpthread-2.31.so
7f1755c03000-7f1755c14000 r-xp 00006000 08:01 63451                      /usr/lib/x86_64-linux-gnu/libpthread-2.31.so
7f1755c14000-7f1755c1a000 r--p 00017000 08:01 63451                      /usr/lib/x86_64-linux-gnu/libpthread-2.31.so
7f1755c1a000-7f1755c1b000 r--p 0001c000 08:01 63451                      /usr/lib/x86_64-linux-gnu/libpthread-2.31.so
7f1755c1b000-7f1755c1c000 rw-p 0001d000 08:01 63451                      /usr/lib/x86_64-linux-gnu/libpthread-2.31.so
7f1755c1c000-7f1755c20000 rw-p 00000000 00:00 0 
7f1755c20000-7f1755c22000 r--p 00000000 08:01 309391                     /usr/lib/jvm/java-17-openjdk-amd64/lib/libjli.so
7f1755c22000-7f1755c2c000 r-xp 00002000 08:01 309391                     /usr/lib/jvm/java-17-openjdk-amd64/lib/libjli.so
7f1755c2c000-7f1755c2f000 r--p 0000c000 08:01 309391                     /usr/lib/jvm/java-17-openjdk-amd64/lib/libjli.so
7f1755c2f000-7f1755c30000 ---p 0000f000 08:01 309391                     /usr/lib/jvm/java-17-openjdk-amd64/lib/libjli.so
7f1755c30000-7f1755c31000 r--p 0000f000 08:01 309391                     /usr/lib/jvm/java-17-openjdk-amd64/lib/libjli.so
7f1755c31000-7f1755c32000 rw-p 00010000 08:01 309391                     /usr/lib/jvm/java-17-openjdk-amd64/lib/libjli.so
7f1755c32000-7f1755c34000 r--p 00000000 08:01 3849                       /usr/lib/x86_64-linux-gnu/libz.so.1.2.11
7f1755c34000-7f1755c45000 r-xp 00002000 08:01 3849                       /usr/lib/x86_64-linux-gnu/libz.so.1.2.11
7f1755c45000-7f1755c4b000 r--p 00013000 08:01 3849                       /usr/lib/x86_64-linux-gnu/libz.so.1.2.11
7f1755c4b000-7f1755c4c000 ---p 00019000 08:01 3849                       /usr/lib/x86_64-linux-gnu/libz.so.1.2.11
7f1755c4c000-7f1755c4d000 r--p 00019000 08:01 3849                       /usr/lib/x86_64-linux-gnu/libz.so.1.2.11
7f1755c4d000-7f1755c4e000 rw-p 0001a000 08:01 3849                       /usr/lib/x86_64-linux-gnu/libz.so.1.2.11
7f1755c4e000-7f1755c50000 rw-p 00000000 00:00 0 
7f1755c55000-7f1755c56000 ---p 00000000 00:00 0 
7f1755c56000-7f1755c57000 r--p 00000000 00:00 0 
7f1755c57000-7f1755c59000 r--p 00000000 08:01 309390                     /usr/lib/jvm/java-17-openjdk-amd64/lib/libjimage.so
7f1755c59000-7f1755c5c000 r-xp 00002000 08:01 309390                     /usr/lib/jvm/java-17-openjdk-amd64/lib/libjimage.so
7f1755c5c000-7f1755c5d000 r--p 00005000 08:01 309390                     /usr/lib/jvm/java-17-openjdk-amd64/lib/libjimage.so
7f1755c5d000-7f1755c5e000 ---p 00006000 08:01 309390                     /usr/lib/jvm/java-17-openjdk-amd64/lib/libjimage.so
7f1755c5e000-7f1755c5f000 r--p 00006000 08:01 309390                     /usr/lib/jvm/java-17-openjdk-amd64/lib/libjimage.so
7f1755c5f000-7f1755c60000 rw-p 00007000 08:01 309390                     /usr/lib/jvm/java-17-openjdk-amd64/lib/libjimage.so
7f1755c60000-7f1755c61000 r--p 00000000 08:01 63434                      /usr/lib/x86_64-linux-gnu/ld-2.31.so
7f1755c61000-7f1755c84000 r-xp 00001000 08:01 63434                      /usr/lib/x86_64-linux-gnu/ld-2.31.so
7f1755c84000-7f1755c8c000 r--p 00024000 08:01 63434                      /usr/lib/x86_64-linux-gnu/ld-2.31.so
7f1755c8c000-7f1755c8d000 ---p 00000000 00:00 0 
7f1755c8d000-7f1755c8e000 r--p 0002c000 08:01 63434                      /usr/lib/x86_64-linux-gnu/ld-2.31.so
7f1755c8e000-7f1755c8f000 rw-p 0002d000 08:01 63434                      /usr/lib/x86_64-linux-gnu/ld-2.31.so
7f1755c8f000-7f1755c90000 rw-p 00000000 00:00 0 
7ffd010c9000-7ffd010ea000 rw-p 00000000 00:00 0                          [stack]
7ffd011c0000-7ffd011c4000 r--p 00000000 00:00 0                          [vvar]
7ffd011c4000-7ffd011c6000 r-xp 00000000 00:00 0                          [vdso]
ffffffffff600000-ffffffffff601000 --xp 00000000 00:00 0                  [vsyscall]


VM Arguments:
jvm_args: -Xmx4096M -Xms4096M 
java_command: forge-1.7.10-10.13.4.1614-1.7.10-universal.jar nogui
java_class_path (initial): forge-1.7.10-10.13.4.1614-1.7.10-universal.jar
Launcher Type: SUN_STANDARD

[Global flags]
     intx CICompilerCount                          = 2                                         {product} {ergonomic}
     uint ConcGCThreads                            = 1                                         {product} {ergonomic}
     uint G1ConcRefinementThreads                  = 2                                         {product} {ergonomic}
   size_t G1HeapRegionSize                         = 2097152                                   {product} {ergonomic}
    uintx GCDrainStackTargetSize                   = 64                                        {product} {ergonomic}
   size_t InitialHeapSize                          = 4294967296                                {product} {command line}
   size_t MarkStackSize                            = 4194304                                   {product} {ergonomic}
   size_t MaxHeapSize                              = 4294967296                                {product} {command line}
   size_t MinHeapDeltaBytes                        = 2097152                                   {product} {ergonomic}
   size_t MinHeapSize                              = 4294967296                                {product} {command line}
    uintx NonNMethodCodeHeapSize                   = 5826188                                {pd product} {ergonomic}
    uintx NonProfiledCodeHeapSize                  = 122916026                              {pd product} {ergonomic}
    uintx ProfiledCodeHeapSize                     = 122916026                              {pd product} {ergonomic}
    uintx ReservedCodeCacheSize                    = 251658240                              {pd product} {ergonomic}
     bool SegmentedCodeCache                       = true                                      {product} {ergonomic}
   size_t SoftMaxHeapSize                          = 4294967296                             {manageable} {ergonomic}
     bool UseCompressedClassPointers               = true                           {product lp64_product} {ergonomic}
     bool UseCompressedOops                        = true                           {product lp64_product} {ergonomic}
     bool UseG1GC                                  = true                                      {product} {ergonomic}

Logging:
Log output configuration:
 #0: stdout all=warning uptime,level,tags
 #1: stderr all=off uptime,level,tags

Environment Variables:
PATH=/usr/local/sbin:/usr/local/bin:/usr/sbin:/usr/bin:/sbin:/bin:/usr/games:/usr/local/games:/snap/bin
SHELL=/bin/bash
LANG=C.UTF-8
TERM=xterm

Active Locale:
LC_ALL=C
LC_COLLATE=C
LC_CTYPE=C
LC_MESSAGES=C
LC_MONETARY=C
LC_NUMERIC=C
LC_TIME=C

Signal Handlers:
   SIGSEGV: crash_handler in libjvm.so, mask=11100100010111111101111111111110, flags=SA_RESTART|SA_SIGINFO, unblocked
    SIGBUS: crash_handler in libjvm.so, mask=11100100010111111101111111111110, flags=SA_RESTART|SA_SIGINFO, unblocked
    SIGFPE: crash_handler in libjvm.so, mask=11100100010111111101111111111110, flags=SA_RESTART|SA_SIGINFO, unblocked
   SIGPIPE: javaSignalHandler in libjvm.so, mask=11100100010111111101111111111110, flags=SA_RESTART|SA_SIGINFO, blocked
   SIGXFSZ: javaSignalHandler in libjvm.so, mask=11100100010111111101111111111110, flags=SA_RESTART|SA_SIGINFO, blocked
    SIGILL: crash_handler in libjvm.so, mask=11100100010111111101111111111110, flags=SA_RESTART|SA_SIGINFO, unblocked
   SIGUSR2: SR_handler in libjvm.so, mask=00000000000000000000000000000000, flags=SA_RESTART|SA_SIGINFO, blocked
    SIGHUP: SIG_DFL, mask=00000000000000000000000000000000, flags=none, blocked
    SIGINT: SIG_DFL, mask=00000000000000000000000000000000, flags=none, blocked
   SIGTERM: SIG_DFL, mask=00000000000000000000000000000000, flags=none, blocked
   SIGQUIT: UserHandler in libjvm.so, mask=11100100010111111101111111111110, flags=SA_RESTART|SA_SIGINFO, blocked
   SIGTRAP: crash_handler in libjvm.so, mask=11100100010111111101111111111110, flags=SA_RESTART|SA_SIGINFO, unblocked


---------------  S Y S T E M  ---------------

OS:
DISTRIB_ID=Ubuntu
DISTRIB_RELEASE=20.04
DISTRIB_CODENAME=focal
DISTRIB_DESCRIPTION="Ubuntu 20.04.6 LTS"
uname: Linux 5.15.0-1049-azure #56~20.04.1-Ubuntu SMP Thu Sep 21 13:01:28 UTC 2023 x86_64
OS uptime: 8 days 14:44 hours
libc: glibc 2.31 NPTL 2.31 
rlimit (soft/hard): STACK 8192k/infinity , CORE 0k/infinity , NPROC 15618/15618 , NOFILE 1048576/1048576 , AS infinity/infinity , CPU infinity/infinity , DATA infinity/infinity , FSIZE infinity/infinity , MEMLOCK 65536k/65536k
load average: 0.32 0.27 0.21

/proc/meminfo:
MemTotal:        4007276 kB
MemFree:          234632 kB
MemAvailable:    1434568 kB
Buffers:           70996 kB
Cached:          1303432 kB
SwapCached:            0 kB
Active:           813236 kB
Inactive:        2674904 kB
Active(anon):        988 kB
Inactive(anon):  2125424 kB
Active(file):     812248 kB
Inactive(file):   549480 kB
Unevictable:       21608 kB
Mlocked:           18536 kB
SwapTotal:             0 kB
SwapFree:              0 kB
Dirty:               444 kB
Writeback:             0 kB
AnonPages:       2130756 kB
Mapped:            98708 kB
Shmem:              4496 kB
KReclaimable:     101588 kB
Slab:             163156 kB
SReclaimable:     101588 kB
SUnreclaim:        61568 kB
KernelStack:        4104 kB
PageTables:         8364 kB
NFS_Unstable:          0 kB
Bounce:                0 kB
WritebackTmp:          0 kB
CommitLimit:     2003636 kB
Committed_AS:    3095732 kB
VmallocTotal:   34359738367 kB
VmallocUsed:       36524 kB
VmallocChunk:          0 kB
Percpu:             1880 kB
HardwareCorrupted:     0 kB
AnonHugePages:   1515520 kB
ShmemHugePages:        0 kB
ShmemPmdMapped:        0 kB
FileHugePages:         0 kB
FilePmdMapped:         0 kB
HugePages_Total:       0
HugePages_Free:        0
HugePages_Rsvd:        0
HugePages_Surp:        0
Hugepagesize:       2048 kB
Hugetlb:               0 kB
DirectMap4k:      285960 kB
DirectMap2M:     3907584 kB
DirectMap1G:     2097152 kB

/sys/kernel/mm/transparent_hugepage/enabled: [always] madvise never
/sys/kernel/mm/transparent_hugepage/defrag (defrag/compaction efforts parameter): always defer defer+madvise [madvise] never

Process Memory:
Virtual Size: 863012K (peak: 5053288K)
Resident Set Size: 19868K (peak: 19868K) (anon: 6260K, file: 13608K, shmem: 0K)
Swapped out: 0K
C-Heap outstanding allocations: 8981K, retained: 530K
glibc malloc tunables: (default)

/proc/sys/kernel/threads-max (system-wide limit on the number of threads): 31236
/proc/sys/vm/max_map_count (maximum number of memory map areas a process may have): 65530
/proc/sys/kernel/pid_max (system-wide limit on number of process identifiers): 4194304

container (cgroup) information:
container_type: cgroupv1
cpu_cpuset_cpus: 0-1
cpu_memory_nodes: 0
active_processor_count: 2
cpu_quota: no quota
cpu_period: 100000
cpu_shares: no shares
memory_limit_in_bytes: unlimited
memory_and_swap_limit_in_bytes: unlimited
memory_soft_limit_in_bytes: unlimited
memory_usage_in_bytes: 37360 k
memory_max_usage_in_bytes: 47504 k
kernel_memory_usage_in_bytes: 696 k
kernel_memory_max_usage_in_bytes: unlimited
kernel_memory_limit_in_bytes: 3580 k
maximum number of tasks: unlimited
current number of tasks: 8

Hyper-V virtualization detected
Steal ticks since vm start: 0
Steal ticks percentage since vm start:  0.000

CPU: total 2 (initial active 2) (2 cores per cpu, 1 threads per core) family 6 model 79 stepping 1 microcode 0xffffffff, cx8, cmov, fxsr, mmx, 3dnowpref, sse, sse2, sse3, ssse3, sse4.1, sse4.2, popcnt, lzcnt, tsc, avx, avx2, aes, erms, clmul, bmi1, bmi2, rtm, adx, fma, vzeroupper, clflush, hv
CPU Model and flags from /proc/cpuinfo:
model name	: Intel(R) Xeon(R) CPU E5-2673 v4 @ 2.30GHz
flags		: fpu vme de pse tsc msr pae mce cx8 apic sep mtrr pge mca cmov pat pse36 clflush mmx fxsr sse sse2 ss ht syscall nx pdpe1gb rdtscp lm constant_tsc rep_good nopl xtopology cpuid pni pclmulqdq ssse3 fma cx16 pcid sse4_1 sse4_2 movbe popcnt aes xsave avx f16c rdrand hypervisor lahf_lm abm 3dnowprefetch invpcid_single pti fsgsbase bmi1 hle avx2 smep bmi2 erms invpcid rtm rdseed adx smap xsaveopt md_clear

Online cpus: 0-1
Offline cpus: 
BIOS frequency limitation: <Not Available>
Frequency switch latency (ns): <Not Available>
Available cpu frequencies: <Not Available>
Current governor: <Not Available>
Core performance/turbo boost: <Not Available>

Memory: 4k page, physical 4007276k(234632k free), swap 0k(0k free)
Page Sizes: 4k

vm_info: OpenJDK 64-Bit Server VM (17.0.8.1+1-Ubuntu-0ubuntu120.04) for linux-amd64 JRE (17.0.8.1+1-Ubuntu-0ubuntu120.04), built on Aug 24 2023 23:32:18 by "buildd" with gcc 9.4.0

END.
